[2026-02-16 14:54:08] [psyche] === Starting auto-ingest loop ===
[2026-02-16 14:54:08] [psyche] Agent: psyche | Repo: /Users/home/Desktop/syncrescendence | Pane: constellation:1.1
[2026-02-16 14:55:12] [psyche] Shutdown signal received, cleaning up
[2026-02-16 14:55:26] [psyche] === Starting auto-ingest loop ===
[2026-02-16 14:55:26] [psyche] Agent: psyche | Repo: /Users/home/Desktop/syncrescendence | Pane: constellation:1.1
[2026-02-16 15:07:24] [psyche] Shutdown signal received, cleaning up
[2026-02-16 15:07:48] [psyche] === Starting auto-ingest loop ===
[2026-02-16 15:07:48] [psyche] Agent: psyche | Repo: /Users/home/Desktop/syncrescendence | Pane: constellation:1.1
[2026-02-16 16:01:58] [psyche] Dispatching: TASK-20260216-cto_recovery_architecture
[2026-02-16 16:02:01] [psyche] Dispatched successfully: TASK-20260216-cto_recovery_architecture
[2026-02-16 16:10:13] [psyche] Task completed: TASK-20260216-cto_recovery_architecture (495s,     8357 bytes)
[2026-02-16 16:10:13] [psyche] WARN: Could not move to DONE (file may already be moved)
[2026-02-16 16:10:13] [psyche] Sent CONFIRM to commander
[2026-02-16 16:10:18] [psyche] Dispatching: TASK-20260211-da12_syn53_todoist_network_fallback
[2026-02-16 16:10:20] [psyche] Dispatched successfully: TASK-20260211-da12_syn53_todoist_network_fallback
[2026-02-16 16:10:51] [psyche] Task completed: TASK-20260211-da12_syn53_todoist_network_fallback (33s,     3085 bytes)
[2026-02-16 16:10:51] [psyche] Sent CONFIRM to commander
[2026-02-16 16:10:56] [psyche] Dispatching: TASK-20260212-codex_upgrade_and_smoke_test
[2026-02-16 16:10:58] [psyche] Dispatched successfully: TASK-20260212-codex_upgrade_and_smoke_test
[2026-02-16 16:11:28] [psyche] Task completed: TASK-20260212-codex_upgrade_and_smoke_test (32s,     1323 bytes)
[2026-02-16 16:11:29] [psyche] Sent CONFIRM to commander
[2026-02-16 16:12:06] [psyche] Task completed: TASK-20260216-cto_recovery_architecture (32s,     8357 bytes)
[2026-02-16 16:12:06] [psyche] Sent CONFIRM to commander
[2026-02-16 16:12:12] [psyche] Dispatching: TASK-ADJUDICATOR-MODEL-UPDATE-20260213 2
[2026-02-16 16:12:14] [psyche] Dispatched successfully: TASK-ADJUDICATOR-MODEL-UPDATE-20260213 2
[2026-02-16 16:16:15] [psyche] Task completed: TASK-ADJUDICATOR-MODEL-UPDATE-20260213 2 (243s,     1793 bytes)
[2026-02-16 16:16:15] [psyche] Sent CONFIRM to commander
[2026-02-16 16:16:20] [psyche] Dispatching: TASK-ADJUDICATOR-MODEL-UPDATE-20260213
[2026-02-16 16:16:23] [psyche] Dispatched successfully: TASK-ADJUDICATOR-MODEL-UPDATE-20260213
[2026-02-16 16:17:03] [psyche] Task completed: TASK-ADJUDICATOR-MODEL-UPDATE-20260213 (42s,     1769 bytes)
[2026-02-16 16:17:03] [psyche] Sent CONFIRM to commander
[2026-02-16 16:17:08] [psyche] Dispatching: TASK-CARTOGRAPHER-PLIST-FIX-20260213-R1 2
[2026-02-16 16:17:10] [psyche] Dispatched successfully: TASK-CARTOGRAPHER-PLIST-FIX-20260213-R1 2
[2026-02-16 16:19:03] [psyche] Task completed: TASK-CARTOGRAPHER-PLIST-FIX-20260213-R1 2 (115s,     1915 bytes)
[2026-02-16 16:19:03] [psyche] Sent CONFIRM to commander
[2026-02-16 16:19:40] [psyche] Task completed: TASK-CARTOGRAPHER-PLIST-FIX-20260213-R1 (32s,     1799 bytes)
[2026-02-16 16:19:40] [psyche] Sent CONFIRM to commander
[2026-02-16 17:08:57] [psyche] Shutdown signal received, cleaning up
[2026-02-16 17:09:47] [psyche] === Starting auto-ingest loop ===
[2026-02-16 17:09:47] [psyche] Agent: psyche | Repo: /Users/home/Desktop/syncrescendence | Pane: constellation:1.1
[2026-02-16 17:32:48] [psyche] Shutdown signal received, cleaning up
[2026-02-16 17:33:59] [psyche] Shutdown signal received, cleaning up
[2026-02-16 17:34:59] [psyche] Shutdown signal received, cleaning up
[2026-02-16 17:35:59] [psyche] Shutdown signal received, cleaning up
[2026-02-16 17:36:59] [psyche] Shutdown signal received, cleaning up
[2026-02-16 17:37:59] [psyche] Shutdown signal received, cleaning up
[2026-02-16 17:39:00] [psyche] === Starting auto-ingest loop ===
[2026-02-16 17:39:00] [psyche] Agent: psyche | Repo: /Users/home/Desktop/syncrescendence | Pane: constellation:1.1
[2026-02-16 17:39:10] [psyche] Shutdown signal received, cleaning up
[2026-02-16 17:39:13] [psyche] === Starting auto-ingest loop ===
[2026-02-16 17:39:13] [psyche] Agent: psyche | Repo: /Users/home/Desktop/syncrescendence | Pane: constellation:1.1
[2026-02-16 17:39:43] [psyche] Shutdown signal received, cleaning up
[2026-02-16 17:39:58] [psyche] === Starting auto-ingest loop ===
[2026-02-16 17:39:58] [psyche] Agent: psyche | Repo: /Users/home/Desktop/syncrescendence | Pane: constellation:1.1
[2026-02-16 17:58:48] [psyche] Shutdown signal received, cleaning up
[2026-02-16 18:00:31] [psyche] === Starting auto-ingest loop ===
[2026-02-16 18:00:31] [psyche] Agent: psyche | Repo: /Users/home/Desktop/syncrescendence | Pane: constellation:1.1
[2026-02-16 18:49:11] [psyche] === Starting auto-ingest loop ===
[2026-02-16 18:49:11] [psyche] Agent: psyche | Repo: /Users/home/Desktop/syncrescendence | Pane: constellation:1.1
[2026-02-16 18:49:11] [psyche] ERROR: Another instance running (PID: 2389 via /Users/home/Desktop/syncrescendence/-INBOX/psyche/.auto_ingest.lock)
[2026-02-16 18:49:17] [psyche] Shutdown signal received, cleaning up
[2026-02-16 18:49:42] [psyche] === Starting auto-ingest loop ===
[2026-02-16 18:49:42] [psyche] Agent: psyche | Repo: /Users/home/Desktop/syncrescendence | Pane: constellation:1.1
[2026-02-16 18:58:44] [psyche] Shutdown signal received, cleaning up
[2026-02-16 18:59:25] [psyche] === Starting auto-ingest loop ===
[2026-02-16 18:59:25] [psyche] Agent: psyche | Repo: /Users/home/Desktop/syncrescendence | Pane: constellation:1.1
[2026-02-16 19:07:45] [psyche] Shutdown signal received, cleaning up
[2026-02-16 19:08:10] [psyche] === Starting auto-ingest loop ===
[2026-02-16 19:08:12] [psyche] Shutdown signal received, cleaning up
[2026-02-16 19:08:15] [psyche] Shutdown signal received, cleaning up
[2026-02-16 19:08:27] [psyche] === Starting auto-ingest loop ===
[2026-02-16 19:08:28] [psyche] Agent: psyche | Repo: /Users/home/Desktop/syncrescendence | Pane: constellation:1.1
[2026-02-16 19:08:58] [psyche] Shutdown signal received, cleaning up
[2026-02-16 19:20:41] [psyche] === Starting auto-ingest loop ===
[2026-02-16 19:20:42] [psyche] Agent: psyche | Repo: /Users/home/Desktop/syncrescendence | Pane: constellation:1.1
[2026-02-16 19:20:58] [psyche] Shutdown signal received, cleaning up
[2026-02-16 19:21:03] [psyche] === Starting auto-ingest loop ===
[2026-02-16 19:21:03] [psyche] Agent: psyche | Repo: /Users/home/Desktop/syncrescendence | Pane: constellation:1.1
[2026-02-16 19:23:06] [psyche] Shutdown signal received, cleaning up
[2026-02-16 19:23:07] [psyche] === Starting auto-ingest loop ===
[2026-02-16 19:23:07] [psyche] Agent: psyche | Repo: /Users/home/Desktop/syncrescendence | Pane: constellation:1.1
[2026-02-16 19:23:31] [psyche] Shutdown signal received, cleaning up
[2026-02-16 19:23:32] [psyche] === Starting auto-ingest loop ===
[2026-02-16 19:23:32] [psyche] Agent: psyche | Repo: /Users/home/Desktop/syncrescendence | Pane: constellation:1.1
[2026-02-16 20:14:05] [psyche] Shutdown signal received, cleaning up
[2026-02-16 20:14:05] [psyche] === Starting auto-ingest loop ===
[2026-02-16 20:14:05] [psyche] Agent: psyche | Repo: /Users/home/Desktop/syncrescendence | Pane: constellation:1.1
[2026-02-16 20:17:07] [psyche] Shutdown signal received, cleaning up
[2026-02-16 20:17:08] [psyche] === Starting auto-ingest loop ===
[2026-02-16 20:17:08] [psyche] Agent: psyche | Repo: /Users/home/Desktop/syncrescendence | Pane: constellation:1.1
[2026-02-16 20:17:39] [psyche] Shutdown signal received, cleaning up
[2026-02-16 20:17:39] [psyche] === Starting auto-ingest loop ===
[2026-02-16 20:17:40] [psyche] Agent: psyche | Repo: /Users/home/Desktop/syncrescendence | Pane: constellation:1.1
[2026-02-16 20:33:45] [psyche] Dispatching: TASK-20260217-neural_bridge_infrastructure
[2026-02-16 20:33:47] [psyche] Dispatched successfully: TASK-20260217-neural_bridge_infrastructure
[2026-02-16 20:39:16] [psyche] Task completed: TASK-20260217-neural_bridge_infrastructure (331s,     9068 bytes)
[2026-02-16 20:39:16] [psyche] Sent CONFIRM to commander
[2026-02-16 21:53:53] [psyche] Dispatching: TASK-20260216-neural_bridge_commit_and_verify
[2026-02-16 21:53:56] [psyche] Dispatched successfully: TASK-20260216-neural_bridge_commit_and_verify
[2026-02-16 21:54:26] [psyche] Task completed: TASK-20260216-neural_bridge_commit_and_verify (33s,     5662 bytes)
[2026-02-16 21:54:26] [psyche] Sent CONFIRM to commander
[2026-02-16 21:54:31] [psyche] Dispatching: TASK-20260217-neural_bridge_commit_and_verify
[2026-02-16 21:54:33] [psyche] Dispatched successfully: TASK-20260217-neural_bridge_commit_and_verify
[2026-02-16 22:03:07] [psyche] Task completed: TASK-20260217-neural_bridge_commit_and_verify (516s,     4195 bytes)
[2026-02-16 22:03:07] [psyche] Sent CONFIRM to commander
[2026-02-16 22:38:06] [psyche] Shutdown signal received, cleaning up
[2026-02-16 22:38:06] [psyche] === Starting auto-ingest loop ===
[2026-02-16 22:38:06] [psyche] Agent: psyche | Repo: /Users/home/Desktop/syncrescendence | Pane: constellation:1.1
[2026-02-16 22:39:44] [psyche] Shutdown signal received, cleaning up
[2026-02-16 22:39:44] [psyche] === Starting auto-ingest loop ===
[2026-02-16 22:39:44] [psyche] Agent: psyche | Repo: /Users/home/Desktop/syncrescendence | Pane: constellation:1.1
[2026-02-16 22:42:15] [psyche] Dispatching: TASK-20260217-launchd_env_propagation
[2026-02-16 22:42:16] [psyche] Shutdown signal received, cleaning up
[2026-02-16 22:42:16] [psyche] === Starting auto-ingest loop ===
[2026-02-16 22:42:16] [psyche] Agent: psyche | Repo: /Users/home/Desktop/syncrescendence | Pane: constellation:1.1
[2026-02-16 22:42:17] [psyche] Recovered in-progress task: TASK-20260217-launchd_env_propagation
[2026-02-16 22:43:20] [psyche] Task completed: TASK-20260217-launchd_env_propagation (65s,     2997 bytes)
[2026-02-16 22:43:20] [psyche] Sent CONFIRM to commander
[2026-02-16 22:47:44] [psyche] Shutdown signal received, cleaning up
[2026-02-16 22:48:02] [psyche] === Starting auto-ingest loop ===
[2026-02-16 22:48:02] [psyche] Agent: psyche | Repo: /Users/home/Desktop/syncrescendence | Pane: constellation:1.1
[2026-02-16 22:48:02] [psyche] Neural Bridge env: AJNA=macbook-air CMD=local ADJ=local CART=local PSY=local
[2026-02-16 22:48:17] [psyche] Shutdown signal received, cleaning up
[2026-02-16 22:48:18] [psyche] === Starting auto-ingest loop ===
[2026-02-16 22:48:18] [psyche] Agent: psyche | Repo: /Users/home/Desktop/syncrescendence | Pane: constellation:1.1
[2026-02-16 22:48:18] [psyche] Neural Bridge env: AJNA=macbook-air CMD=local ADJ=local CART=local PSY=local
[2026-02-16 22:48:56] [psyche] Shutdown signal received, cleaning up
[2026-02-16 22:48:57] [psyche] === Starting auto-ingest loop ===
[2026-02-16 22:48:57] [psyche] Agent: psyche | Repo: /Users/home/Desktop/syncrescendence | Pane: constellation:1.1
[2026-02-16 22:48:57] [psyche] Neural Bridge env: AJNA=macbook-air CMD=local ADJ=local CART=local PSY=local
[2026-02-16 22:50:43] [psyche] Shutdown signal received, cleaning up
[2026-02-16 22:50:45] [psyche] === Starting auto-ingest loop ===
[2026-02-16 22:50:45] [psyche] Agent: psyche | Repo: /Users/home/Desktop/syncrescendence | Pane: constellation:1.1
[2026-02-16 22:50:46] [psyche] Neural Bridge env: AJNA=macbook-air CMD=local ADJ=local CART=local PSY=local
[2026-02-17 07:14:47] [psyche] ERROR: No objective found in /Users/home/Desktop/syncrescendence/-INBOX/psyche/00-INBOX0/TASK-20260217-bulletproof_plist.md
[2026-02-17 07:15:17] [psyche] ERROR: No objective found in /Users/home/Desktop/syncrescendence/-INBOX/psyche/00-INBOX0/TASK-20260217-bulletproof_plist.md
[2026-02-17 07:15:47] [psyche] ERROR: No objective found in /Users/home/Desktop/syncrescendence/-INBOX/psyche/00-INBOX0/TASK-20260217-bulletproof_plist.md
[2026-02-17 07:16:17] [psyche] ERROR: No objective found in /Users/home/Desktop/syncrescendence/-INBOX/psyche/00-INBOX0/TASK-20260217-bulletproof_plist.md
[2026-02-17 07:16:47] [psyche] ERROR: No objective found in /Users/home/Desktop/syncrescendence/-INBOX/psyche/00-INBOX0/TASK-20260217-bulletproof_plist.md
[2026-02-17 07:17:18] [psyche] Dispatching: TASK-20260217-bulletproof_v2
[2026-02-17 07:17:20] [psyche] Dispatched successfully: TASK-20260217-bulletproof_v2
[2026-02-17 07:18:05] [psyche] Shutdown signal received, cleaning up
[2026-02-17 07:18:05] [psyche] === Starting auto-ingest loop ===
[2026-02-17 07:18:05] [psyche] Agent: psyche | Repo: /Users/home/Desktop/syncrescendence | Pane: constellation:1.1
[2026-02-17 07:18:05] [psyche] Neural Bridge env: AJNA=macbook-air CMD=local ADJ=local CART=local PSY=local
[2026-02-17 07:18:06] [psyche] Recovered in-progress task: TASK-20260217-bulletproof_v2
[2026-02-17 16:56:46] [psyche] Shutdown signal received, cleaning up
[2026-02-17 18:13:53] [psyche] === Starting auto-ingest loop ===
[2026-02-17 18:13:53] [psyche] Agent: psyche | Repo: /Users/home/Desktop/syncrescendence | Pane: constellation:1.1
[2026-02-17 18:13:54] [psyche] Neural Bridge env: AJNA=macbook-air CMD=local ADJ=local CART=local PSY=local
[2026-02-17 18:13:56] [psyche] WRITE_GUARD: dispatch paused (integrity or breaker)
[2026-02-17 18:13:56] [psyche] BREAKER_OPEN: retry scan skipped
[2026-02-17 18:14:27] [psyche] WRITE_GUARD: dispatch paused (integrity or breaker)
[2026-02-17 18:14:57] [psyche] WRITE_GUARD: dispatch paused (integrity or breaker)
[2026-02-17 18:14:57] [psyche] BREAKER_OPEN: retry scan skipped
[2026-02-17 18:15:27] [psyche] WRITE_GUARD: dispatch paused (integrity or breaker)
[2026-02-17 18:15:58] [psyche] INTEGRITY_GUARD: fail-closed active for this cycle
[2026-02-17 18:15:58] [psyche] WRITE_GUARD: dispatch paused (integrity or breaker)
[2026-02-17 18:16:28] [psyche] WRITE_GUARD: dispatch paused (integrity or breaker)
[2026-02-17 18:16:58] [psyche] WRITE_GUARD: dispatch paused (integrity or breaker)
[2026-02-17 18:17:28] [psyche] WRITE_GUARD: dispatch paused (integrity or breaker)
[2026-02-17 18:17:59] [psyche] INTEGRITY_GUARD: fail-closed active for this cycle
[2026-02-17 18:17:59] [psyche] WRITE_GUARD: dispatch paused (integrity or breaker)
[2026-02-17 18:18:29] [psyche] WRITE_GUARD: dispatch paused (integrity or breaker)
[2026-02-17 18:18:59] [psyche] WRITE_GUARD: dispatch paused (integrity or breaker)
[2026-02-17 18:19:29] [psyche] WRITE_GUARD: dispatch paused (integrity or breaker)
[2026-02-17 18:19:59] [psyche] INTEGRITY_GUARD: fail-closed active for this cycle
[2026-02-17 18:19:59] [psyche] WRITE_GUARD: dispatch paused (integrity or breaker)
[2026-02-17 18:20:29] [psyche] WRITE_GUARD: dispatch paused (integrity or breaker)
[2026-02-17 18:21:00] [psyche] WRITE_GUARD: dispatch paused (integrity or breaker)
[2026-02-17 18:21:30] [psyche] WRITE_GUARD: dispatch paused (integrity or breaker)
[2026-02-17 18:22:00] [psyche] INTEGRITY_GUARD: fail-closed active for this cycle
[2026-02-17 18:22:00] [psyche] WRITE_GUARD: dispatch paused (integrity or breaker)
[2026-02-17 18:22:30] [psyche] WRITE_GUARD: dispatch paused (integrity or breaker)
[2026-02-17 18:23:01] [psyche] WRITE_GUARD: dispatch paused (integrity or breaker)
[2026-02-17 18:23:31] [psyche] WRITE_GUARD: dispatch paused (integrity or breaker)
[2026-02-17 18:24:01] [psyche] INTEGRITY_GUARD: fail-closed active for this cycle
[2026-02-17 18:24:01] [psyche] WRITE_GUARD: dispatch paused (integrity or breaker)
[2026-02-17 18:24:31] [psyche] WRITE_GUARD: dispatch paused (integrity or breaker)
[2026-02-17 18:25:01] [psyche] WRITE_GUARD: dispatch paused (integrity or breaker)
[2026-02-17 18:25:31] [psyche] WRITE_GUARD: dispatch paused (integrity or breaker)
[2026-02-17 18:26:02] [psyche] INTEGRITY_GUARD: fail-closed active for this cycle
[2026-02-17 18:26:02] [psyche] WRITE_GUARD: dispatch paused (integrity or breaker)
[2026-02-17 18:26:32] [psyche] WRITE_GUARD: dispatch paused (integrity or breaker)
[2026-02-17 18:27:02] [psyche] WRITE_GUARD: dispatch paused (integrity or breaker)
[2026-02-17 18:27:32] [psyche] WRITE_GUARD: dispatch paused (integrity or breaker)
[2026-02-17 18:28:02] [psyche] INTEGRITY_GUARD: fail-closed active for this cycle
[2026-02-17 18:28:02] [psyche] WRITE_GUARD: dispatch paused (integrity or breaker)
[2026-02-17 18:28:33] [psyche] WRITE_GUARD: dispatch paused (integrity or breaker)
[2026-02-17 18:29:03] [psyche] WRITE_GUARD: dispatch paused (integrity or breaker)
[2026-02-17 18:29:33] [psyche] WRITE_GUARD: dispatch paused (integrity or breaker)
[2026-02-17 18:30:03] [psyche] INTEGRITY_GUARD: fail-closed active for this cycle
[2026-02-17 18:30:03] [psyche] WRITE_GUARD: dispatch paused (integrity or breaker)
[2026-02-17 18:30:33] [psyche] WRITE_GUARD: dispatch paused (integrity or breaker)
[2026-02-17 18:31:04] [psyche] WRITE_GUARD: dispatch paused (integrity or breaker)
[2026-02-17 18:31:34] [psyche] WRITE_GUARD: dispatch paused (integrity or breaker)
[2026-02-17 18:32:04] [psyche] INTEGRITY_GUARD: fail-closed active for this cycle
[2026-02-17 18:32:04] [psyche] WRITE_GUARD: dispatch paused (integrity or breaker)
[2026-02-17 18:32:35] [psyche] WRITE_GUARD: dispatch paused (integrity or breaker)
[2026-02-17 18:33:06] [psyche] WRITE_GUARD: dispatch paused (integrity or breaker)
[2026-02-17 18:33:36] [psyche] WRITE_GUARD: dispatch paused (integrity or breaker)
[2026-02-17 18:34:07] [psyche] INTEGRITY_GUARD: fail-closed active for this cycle
[2026-02-17 18:34:07] [psyche] WRITE_GUARD: dispatch paused (integrity or breaker)
[2026-02-17 18:34:38] [psyche] WRITE_GUARD: dispatch paused (integrity or breaker)
[2026-02-17 18:35:08] [psyche] WRITE_GUARD: dispatch paused (integrity or breaker)
[2026-02-17 18:35:38] [psyche] WRITE_GUARD: dispatch paused (integrity or breaker)
[2026-02-17 18:36:09] [psyche] INTEGRITY_GUARD: fail-closed active for this cycle
[2026-02-17 18:36:09] [psyche] WRITE_GUARD: dispatch paused (integrity or breaker)
[2026-02-17 18:36:39] [psyche] WRITE_GUARD: dispatch paused (integrity or breaker)
[2026-02-17 18:37:09] [psyche] WRITE_GUARD: dispatch paused (integrity or breaker)
[2026-02-17 18:37:39] [psyche] WRITE_GUARD: dispatch paused (integrity or breaker)
[2026-02-17 18:38:10] [psyche] INTEGRITY_GUARD: fail-closed active for this cycle
[2026-02-17 18:38:10] [psyche] WRITE_GUARD: dispatch paused (integrity or breaker)
[2026-02-17 18:38:40] [psyche] WRITE_GUARD: dispatch paused (integrity or breaker)
[2026-02-17 18:39:17] [psyche] WRITE_GUARD: dispatch paused (integrity or breaker)
[2026-02-17 18:39:48] [psyche] WRITE_GUARD: dispatch paused (integrity or breaker)
[2026-02-17 18:40:20] [psyche] WRITE_GUARD: dispatch paused (integrity or breaker)
[2026-02-17 18:40:20] [psyche] BREAKER_OPEN: retry scan skipped
[2026-02-17 18:40:51] [psyche] WRITE_GUARD: dispatch paused (integrity or breaker)
[2026-02-17 18:41:22] [psyche] WRITE_GUARD: dispatch paused (integrity or breaker)
[2026-02-17 18:41:54] [psyche] WRITE_GUARD: dispatch paused (integrity or breaker)
[2026-02-17 18:42:25] [psyche] INTEGRITY_GUARD: fail-closed active for this cycle
[2026-02-17 18:42:25] [psyche] WRITE_GUARD: dispatch paused (integrity or breaker)
[2026-02-17 18:42:55] [psyche] WRITE_GUARD: dispatch paused (integrity or breaker)
[2026-02-17 18:43:26] [psyche] WRITE_GUARD: dispatch paused (integrity or breaker)
[2026-02-17 18:43:56] [psyche] WRITE_GUARD: dispatch paused (integrity or breaker)
[2026-02-17 18:44:26] [psyche] INTEGRITY_GUARD: fail-closed active for this cycle
[2026-02-17 18:44:26] [psyche] WRITE_GUARD: dispatch paused (integrity or breaker)
[2026-02-17 18:44:57] [psyche] WRITE_GUARD: dispatch paused (integrity or breaker)
[2026-02-17 18:45:27] [psyche] WRITE_GUARD: dispatch paused (integrity or breaker)
[2026-02-17 18:45:58] [psyche] WRITE_GUARD: dispatch paused (integrity or breaker)
[2026-02-17 18:46:28] [psyche] INTEGRITY_GUARD: fail-closed active for this cycle
[2026-02-17 18:46:28] [psyche] WRITE_GUARD: dispatch paused (integrity or breaker)
[2026-02-17 18:46:59] [psyche] WRITE_GUARD: dispatch paused (integrity or breaker)
[2026-02-17 18:47:29] [psyche] WRITE_GUARD: dispatch paused (integrity or breaker)
[2026-02-17 18:47:59] [psyche] WRITE_GUARD: dispatch paused (integrity or breaker)
[2026-02-17 18:48:30] [psyche] INTEGRITY_GUARD: fail-closed active for this cycle
[2026-02-17 18:48:30] [psyche] WRITE_GUARD: dispatch paused (integrity or breaker)
[2026-02-17 18:49:00] [psyche] WRITE_GUARD: dispatch paused (integrity or breaker)
[2026-02-17 18:49:31] [psyche] WRITE_GUARD: dispatch paused (integrity or breaker)
[2026-02-17 18:50:02] [psyche] WRITE_GUARD: dispatch paused (integrity or breaker)
[2026-02-17 18:50:32] [psyche] INTEGRITY_GUARD: fail-closed active for this cycle
[2026-02-17 18:50:32] [psyche] WRITE_GUARD: dispatch paused (integrity or breaker)
[2026-02-17 18:51:02] [psyche] WRITE_GUARD: dispatch paused (integrity or breaker)
[2026-02-17 18:51:32] [psyche] WRITE_GUARD: dispatch paused (integrity or breaker)
[2026-02-17 18:52:02] [psyche] WRITE_GUARD: dispatch paused (integrity or breaker)
[2026-02-17 18:52:33] [psyche] INTEGRITY_GUARD: fail-closed active for this cycle
[2026-02-17 18:52:33] [psyche] WRITE_GUARD: dispatch paused (integrity or breaker)
[2026-02-17 18:53:03] [psyche] WRITE_GUARD: dispatch paused (integrity or breaker)
[2026-02-17 18:53:33] [psyche] WRITE_GUARD: dispatch paused (integrity or breaker)
[2026-02-17 18:54:04] [psyche] WRITE_GUARD: dispatch paused (integrity or breaker)
[2026-02-17 18:54:34] [psyche] INTEGRITY_GUARD: fail-closed active for this cycle
[2026-02-17 18:54:34] [psyche] WRITE_GUARD: dispatch paused (integrity or breaker)
[2026-02-17 18:55:04] [psyche] WRITE_GUARD: dispatch paused (integrity or breaker)
[2026-02-17 18:55:35] [psyche] WRITE_GUARD: dispatch paused (integrity or breaker)
[2026-02-17 18:56:05] [psyche] WRITE_GUARD: dispatch paused (integrity or breaker)
[2026-02-17 18:56:35] [psyche] INTEGRITY_GUARD: fail-closed active for this cycle
[2026-02-17 18:56:35] [psyche] WRITE_GUARD: dispatch paused (integrity or breaker)
[2026-02-17 18:57:06] [psyche] WRITE_GUARD: dispatch paused (integrity or breaker)
[2026-02-17 18:57:36] [psyche] WRITE_GUARD: dispatch paused (integrity or breaker)
[2026-02-17 18:58:06] [psyche] WRITE_GUARD: dispatch paused (integrity or breaker)
[2026-02-17 18:58:37] [psyche] INTEGRITY_GUARD: fail-closed active for this cycle
[2026-02-17 18:58:37] [psyche] WRITE_GUARD: dispatch paused (integrity or breaker)
[2026-02-17 18:59:07] [psyche] WRITE_GUARD: dispatch paused (integrity or breaker)
[2026-02-17 18:59:37] [psyche] WRITE_GUARD: dispatch paused (integrity or breaker)
[2026-02-17 19:00:07] [psyche] WRITE_GUARD: dispatch paused (integrity or breaker)
[2026-02-17 19:00:38] [psyche] INTEGRITY_GUARD: fail-closed active for this cycle
[2026-02-17 19:00:38] [psyche] WRITE_GUARD: dispatch paused (integrity or breaker)
[2026-02-17 19:01:08] [psyche] WRITE_GUARD: dispatch paused (integrity or breaker)
[2026-02-17 19:01:38] [psyche] WRITE_GUARD: dispatch paused (integrity or breaker)
[2026-02-17 19:02:09] [psyche] WRITE_GUARD: dispatch paused (integrity or breaker)
[2026-02-17 19:02:39] [psyche] INTEGRITY_GUARD: fail-closed active for this cycle
[2026-02-17 19:02:39] [psyche] WRITE_GUARD: dispatch paused (integrity or breaker)
[2026-02-17 19:03:09] [psyche] WRITE_GUARD: dispatch paused (integrity or breaker)
[2026-02-17 19:03:39] [psyche] WRITE_GUARD: dispatch paused (integrity or breaker)
[2026-02-17 19:04:09] [psyche] WRITE_GUARD: dispatch paused (integrity or breaker)
[2026-02-17 19:04:40] [psyche] INTEGRITY_GUARD: fail-closed active for this cycle
[2026-02-17 19:04:40] [psyche] WRITE_GUARD: dispatch paused (integrity or breaker)
[2026-02-17 19:05:10] [psyche] WRITE_GUARD: dispatch paused (integrity or breaker)
[2026-02-17 19:05:40] [psyche] WRITE_GUARD: dispatch paused (integrity or breaker)
[2026-02-17 19:06:10] [psyche] WRITE_GUARD: dispatch paused (integrity or breaker)
[2026-02-17 19:06:41] [psyche] INTEGRITY_GUARD: fail-closed active for this cycle
[2026-02-17 19:06:41] [psyche] WRITE_GUARD: dispatch paused (integrity or breaker)
[2026-02-17 19:07:11] [psyche] WRITE_GUARD: dispatch paused (integrity or breaker)
[2026-02-17 19:07:42] [psyche] WRITE_GUARD: dispatch paused (integrity or breaker)
[2026-02-17 19:08:12] [psyche] WRITE_GUARD: dispatch paused (integrity or breaker)
[2026-02-17 19:08:42] [psyche] INTEGRITY_GUARD: fail-closed active for this cycle
[2026-02-17 19:08:42] [psyche] WRITE_GUARD: dispatch paused (integrity or breaker)
[2026-02-17 19:09:12] [psyche] WRITE_GUARD: dispatch paused (integrity or breaker)
[2026-02-17 19:09:43] [psyche] WRITE_GUARD: dispatch paused (integrity or breaker)
[2026-02-17 19:10:13] [psyche] WRITE_GUARD: dispatch paused (integrity or breaker)
[2026-02-17 19:10:43] [psyche] INTEGRITY_GUARD: fail-closed active for this cycle
[2026-02-17 19:10:43] [psyche] WRITE_GUARD: dispatch paused (integrity or breaker)
[2026-02-17 19:11:13] [psyche] WRITE_GUARD: dispatch paused (integrity or breaker)
[2026-02-17 19:11:44] [psyche] WRITE_GUARD: dispatch paused (integrity or breaker)
[2026-02-17 19:12:14] [psyche] WRITE_GUARD: dispatch paused (integrity or breaker)
[2026-02-17 19:12:44] [psyche] INTEGRITY_GUARD: fail-closed active for this cycle
[2026-02-17 19:12:44] [psyche] WRITE_GUARD: dispatch paused (integrity or breaker)
[2026-02-17 19:13:14] [psyche] WRITE_GUARD: dispatch paused (integrity or breaker)
[2026-02-17 19:13:44] [psyche] WRITE_GUARD: dispatch paused (integrity or breaker)
[2026-02-17 19:14:15] [psyche] WRITE_GUARD: dispatch paused (integrity or breaker)
[2026-02-17 19:14:45] [psyche] INTEGRITY_GUARD: fail-closed active for this cycle
[2026-02-17 19:14:45] [psyche] WRITE_GUARD: dispatch paused (integrity or breaker)
[2026-02-17 19:15:15] [psyche] WRITE_GUARD: dispatch paused (integrity or breaker)
[2026-02-17 19:15:46] [psyche] WRITE_GUARD: dispatch paused (integrity or breaker)
[2026-02-17 19:16:16] [psyche] WRITE_GUARD: dispatch paused (integrity or breaker)
[2026-02-17 19:16:46] [psyche] INTEGRITY_GUARD: fail-closed active for this cycle
[2026-02-17 19:16:46] [psyche] WRITE_GUARD: dispatch paused (integrity or breaker)
[2026-02-17 19:17:17] [psyche] WRITE_GUARD: dispatch paused (integrity or breaker)
[2026-02-17 19:17:47] [psyche] WRITE_GUARD: dispatch paused (integrity or breaker)
[2026-02-17 19:18:18] [psyche] WRITE_GUARD: dispatch paused (integrity or breaker)
[2026-02-17 19:18:48] [psyche] INTEGRITY_GUARD: fail-closed active for this cycle
[2026-02-17 19:18:48] [psyche] WRITE_GUARD: dispatch paused (integrity or breaker)
[2026-02-17 19:19:18] [psyche] WRITE_GUARD: dispatch paused (integrity or breaker)
[2026-02-17 19:19:49] [psyche] WRITE_GUARD: dispatch paused (integrity or breaker)
[2026-02-17 19:20:19] [psyche] WRITE_GUARD: dispatch paused (integrity or breaker)
[2026-02-17 19:20:49] [psyche] INTEGRITY_GUARD: fail-closed active for this cycle
[2026-02-17 19:20:49] [psyche] WRITE_GUARD: dispatch paused (integrity or breaker)
[2026-02-17 19:21:19] [psyche] WRITE_GUARD: dispatch paused (integrity or breaker)
[2026-02-17 19:21:49] [psyche] WRITE_GUARD: dispatch paused (integrity or breaker)
[2026-02-17 19:22:20] [psyche] WRITE_GUARD: dispatch paused (integrity or breaker)
[2026-02-17 19:22:50] [psyche] INTEGRITY_GUARD: fail-closed active for this cycle
[2026-02-17 19:22:50] [psyche] WRITE_GUARD: dispatch paused (integrity or breaker)
[2026-02-17 19:23:20] [psyche] WRITE_GUARD: dispatch paused (integrity or breaker)
[2026-02-17 19:23:50] [psyche] WRITE_GUARD: dispatch paused (integrity or breaker)
[2026-02-17 19:24:21] [psyche] WRITE_GUARD: dispatch paused (integrity or breaker)
[2026-02-17 19:24:51] [psyche] INTEGRITY_GUARD: fail-closed active for this cycle
[2026-02-17 19:24:51] [psyche] WRITE_GUARD: dispatch paused (integrity or breaker)
[2026-02-17 19:25:21] [psyche] WRITE_GUARD: dispatch paused (integrity or breaker)
[2026-02-17 19:25:51] [psyche] WRITE_GUARD: dispatch paused (integrity or breaker)
[2026-02-17 19:26:21] [psyche] WRITE_GUARD: dispatch paused (integrity or breaker)
[2026-02-17 19:26:52] [psyche] INTEGRITY_GUARD: fail-closed active for this cycle
[2026-02-17 19:26:52] [psyche] WRITE_GUARD: dispatch paused (integrity or breaker)
[2026-02-17 19:27:22] [psyche] WRITE_GUARD: dispatch paused (integrity or breaker)
[2026-02-17 19:27:52] [psyche] WRITE_GUARD: dispatch paused (integrity or breaker)
[2026-02-17 19:28:23] [psyche] WRITE_GUARD: dispatch paused (integrity or breaker)
[2026-02-17 19:28:54] [psyche] INTEGRITY_GUARD: fail-closed active for this cycle
[2026-02-17 19:28:54] [psyche] WRITE_GUARD: dispatch paused (integrity or breaker)
[2026-02-17 19:29:24] [psyche] WRITE_GUARD: dispatch paused (integrity or breaker)
[2026-02-17 19:29:54] [psyche] WRITE_GUARD: dispatch paused (integrity or breaker)
[2026-02-17 19:30:25] [psyche] WRITE_GUARD: dispatch paused (integrity or breaker)
[2026-02-17 19:30:55] [psyche] INTEGRITY_GUARD: fail-closed active for this cycle
[2026-02-17 19:30:55] [psyche] WRITE_GUARD: dispatch paused (integrity or breaker)
[2026-02-17 19:31:25] [psyche] WRITE_GUARD: dispatch paused (integrity or breaker)
[2026-02-17 19:31:55] [psyche] WRITE_GUARD: dispatch paused (integrity or breaker)
[2026-02-17 19:32:25] [psyche] WRITE_GUARD: dispatch paused (integrity or breaker)
[2026-02-17 19:32:55] [psyche] INTEGRITY_GUARD: fail-closed active for this cycle
[2026-02-17 19:32:56] [psyche] WRITE_GUARD: dispatch paused (integrity or breaker)
[2026-02-17 19:33:26] [psyche] WRITE_GUARD: dispatch paused (integrity or breaker)
[2026-02-17 19:33:56] [psyche] WRITE_GUARD: dispatch paused (integrity or breaker)
[2026-02-17 19:34:26] [psyche] WRITE_GUARD: dispatch paused (integrity or breaker)
[2026-02-17 19:34:57] [psyche] INTEGRITY_GUARD: fail-closed active for this cycle
[2026-02-17 19:34:57] [psyche] WRITE_GUARD: dispatch paused (integrity or breaker)
[2026-02-17 19:35:27] [psyche] WRITE_GUARD: dispatch paused (integrity or breaker)
[2026-02-17 19:35:57] [psyche] WRITE_GUARD: dispatch paused (integrity or breaker)
[2026-02-17 19:36:27] [psyche] WRITE_GUARD: dispatch paused (integrity or breaker)
[2026-02-17 19:36:58] [psyche] INTEGRITY_GUARD: fail-closed active for this cycle
[2026-02-17 19:36:58] [psyche] WRITE_GUARD: dispatch paused (integrity or breaker)
[2026-02-17 19:37:28] [psyche] WRITE_GUARD: dispatch paused (integrity or breaker)
[2026-02-17 19:37:58] [psyche] WRITE_GUARD: dispatch paused (integrity or breaker)
[2026-02-17 19:38:28] [psyche] WRITE_GUARD: dispatch paused (integrity or breaker)
[2026-02-17 19:38:59] [psyche] INTEGRITY_GUARD: fail-closed active for this cycle
[2026-02-17 19:38:59] [psyche] WRITE_GUARD: dispatch paused (integrity or breaker)
[2026-02-17 19:39:29] [psyche] WRITE_GUARD: dispatch paused (integrity or breaker)
[2026-02-17 19:40:00] [psyche] WRITE_GUARD: dispatch paused (integrity or breaker)
[2026-02-17 19:40:30] [psyche] WRITE_GUARD: dispatch paused (integrity or breaker)
[2026-02-17 19:41:00] [psyche] INTEGRITY_GUARD: fail-closed active for this cycle
[2026-02-17 19:41:00] [psyche] WRITE_GUARD: dispatch paused (integrity or breaker)
[2026-02-17 19:41:31] [psyche] WRITE_GUARD: dispatch paused (integrity or breaker)
[2026-02-17 19:42:01] [psyche] WRITE_GUARD: dispatch paused (integrity or breaker)
[2026-02-17 19:42:31] [psyche] WRITE_GUARD: dispatch paused (integrity or breaker)
[2026-02-17 19:43:02] [psyche] INTEGRITY_GUARD: fail-closed active for this cycle
[2026-02-17 19:43:02] [psyche] WRITE_GUARD: dispatch paused (integrity or breaker)
[2026-02-17 19:43:32] [psyche] WRITE_GUARD: dispatch paused (integrity or breaker)
[2026-02-17 19:44:02] [psyche] WRITE_GUARD: dispatch paused (integrity or breaker)
[2026-02-17 19:44:32] [psyche] WRITE_GUARD: dispatch paused (integrity or breaker)
[2026-02-17 19:45:03] [psyche] INTEGRITY_GUARD: fail-closed active for this cycle
[2026-02-17 19:45:03] [psyche] WRITE_GUARD: dispatch paused (integrity or breaker)
[2026-02-17 19:45:33] [psyche] WRITE_GUARD: dispatch paused (integrity or breaker)
[2026-02-17 19:46:03] [psyche] WRITE_GUARD: dispatch paused (integrity or breaker)
[2026-02-17 19:46:33] [psyche] WRITE_GUARD: dispatch paused (integrity or breaker)
[2026-02-17 19:47:04] [psyche] INTEGRITY_GUARD: fail-closed active for this cycle
[2026-02-17 19:47:04] [psyche] WRITE_GUARD: dispatch paused (integrity or breaker)
[2026-02-17 19:47:34] [psyche] WRITE_GUARD: dispatch paused (integrity or breaker)
[2026-02-17 19:48:04] [psyche] WRITE_GUARD: dispatch paused (integrity or breaker)
[2026-02-17 19:48:34] [psyche] WRITE_GUARD: dispatch paused (integrity or breaker)
[2026-02-17 19:49:05] [psyche] INTEGRITY_GUARD: fail-closed active for this cycle
[2026-02-17 19:49:05] [psyche] WRITE_GUARD: dispatch paused (integrity or breaker)
[2026-02-17 19:49:35] [psyche] WRITE_GUARD: dispatch paused (integrity or breaker)
[2026-02-17 19:50:05] [psyche] WRITE_GUARD: dispatch paused (integrity or breaker)
[2026-02-17 19:50:35] [psyche] WRITE_GUARD: dispatch paused (integrity or breaker)
[2026-02-17 19:51:06] [psyche] INTEGRITY_GUARD: fail-closed active for this cycle
[2026-02-17 19:51:06] [psyche] WRITE_GUARD: dispatch paused (integrity or breaker)
[2026-02-17 19:51:36] [psyche] WRITE_GUARD: dispatch paused (integrity or breaker)
[2026-02-17 19:52:06] [psyche] WRITE_GUARD: dispatch paused (integrity or breaker)
[2026-02-17 19:52:37] [psyche] WRITE_GUARD: dispatch paused (integrity or breaker)
[2026-02-17 19:53:07] [psyche] INTEGRITY_GUARD: fail-closed active for this cycle
[2026-02-17 19:53:07] [psyche] WRITE_GUARD: dispatch paused (integrity or breaker)
[2026-02-17 19:53:37] [psyche] WRITE_GUARD: dispatch paused (integrity or breaker)
[2026-02-17 19:54:08] [psyche] WRITE_GUARD: dispatch paused (integrity or breaker)
[2026-02-17 19:54:38] [psyche] WRITE_GUARD: dispatch paused (integrity or breaker)
[2026-02-17 19:55:08] [psyche] INTEGRITY_GUARD: fail-closed active for this cycle
[2026-02-17 19:55:08] [psyche] WRITE_GUARD: dispatch paused (integrity or breaker)
[2026-02-17 19:55:38] [psyche] WRITE_GUARD: dispatch paused (integrity or breaker)
[2026-02-17 19:56:08] [psyche] WRITE_GUARD: dispatch paused (integrity or breaker)
[2026-02-17 19:56:39] [psyche] WRITE_GUARD: dispatch paused (integrity or breaker)
[2026-02-17 19:57:09] [psyche] INTEGRITY_GUARD: fail-closed active for this cycle
[2026-02-17 19:57:09] [psyche] WRITE_GUARD: dispatch paused (integrity or breaker)
[2026-02-17 19:57:39] [psyche] WRITE_GUARD: dispatch paused (integrity or breaker)
