2026-02-26T19:55:10.021980+00:00 [dag_convergence] name 'Path' is not defined
# Session State Brief
**Generated**: 2026-02-26 19:55 UTC
**Cadence**: on-demand

## Current Priorities

- [P0] Sovereign intent: Agent Loop Architecture
- [P0] Sovereign intent: Live ledger infrastructure is P0
- [P1] Sovereign intent: Expand tactical repertoire beyond Blitzkrieg
- [P1] DC-114: Persist Graphiti `/triples` patch permanently
- [P1] DC-115: Permanent API key wiring for Graphiti/Neo4j

---

## DAG Convergence

- (Error reading DAG status: name 'Path' is not defined)

---

## Open Decisions

- No pending decisions in -SOVEREIGN/

---

## Last 3 Agent Actions

- [2026-02-24 23:46] session_end: 7aa29e30 feat: CC28 Oracle prompt — GitHub-traversal aware, repo pushe
- [2026-02-24 23:37] session_end: 89a7eab8 feat: CC handoff hook + ascertescence² siege prompts
- [2026-02-24 23:30] session_end: 8f2aeae6 feat: add central config (config.sh, config.py)

---

## Graph Health

- Graphiti: HEALTHY ({"status":"healthy"})

---

## What Changed Since Last

- No new commits since last brief

---

## Integration Metric

- Atoms promoted/integrated today: 1
- Files migrated to config.sh/config.py today: 0
- Integration-First Gate: PASS

---

