[2026-02-16 17:08:57] [commander] === Starting auto-ingest loop ===
[2026-02-16 17:08:57] [commander] Agent: commander | Repo: /Users/home/Desktop/syncrescendence | Pane: constellation:1.7
[2026-02-16 17:08:57] [commander] Shutdown signal received, cleaning up
[2026-02-16 17:09:47] [commander] === Starting auto-ingest loop ===
[2026-02-16 17:09:47] [commander] Agent: commander | Repo: /Users/home/Desktop/syncrescendence | Pane: constellation:1.3
[2026-02-16 17:09:47] [commander] Dispatching: TASK-20260216-fetch_adjudicator_audit_and_deploy_openclaw
[2026-02-16 17:09:50] [commander] Dispatched successfully: TASK-20260216-fetch_adjudicator_audit_and_deploy_openclaw
[2026-02-16 17:32:40] [commander] Shutdown signal received, cleaning up
[2026-02-16 17:33:59] [commander] === Starting auto-ingest loop ===
[2026-02-16 17:33:59] [commander] Agent: commander | Repo: /Users/home/Desktop/syncrescendence | Pane: constellation:1.3
[2026-02-16 17:33:59] [commander] Recovered in-progress task: TASK-20260216-fetch_adjudicator_audit_and_deploy_openclaw
[2026-02-16 17:33:59] [commander] Shutdown signal received, cleaning up
[2026-02-16 17:34:59] [commander] === Starting auto-ingest loop ===
[2026-02-16 17:34:59] [commander] Agent: commander | Repo: /Users/home/Desktop/syncrescendence | Pane: constellation:1.3
[2026-02-16 17:34:59] [commander] Recovered in-progress task: TASK-20260216-fetch_adjudicator_audit_and_deploy_openclaw
[2026-02-16 17:34:59] [commander] Shutdown signal received, cleaning up
[2026-02-16 17:35:59] [commander] === Starting auto-ingest loop ===
[2026-02-16 17:35:59] [commander] Agent: commander | Repo: /Users/home/Desktop/syncrescendence | Pane: constellation:1.3
[2026-02-16 17:35:59] [commander] Recovered in-progress task: TASK-20260216-fetch_adjudicator_audit_and_deploy_openclaw
[2026-02-16 17:35:59] [commander] Shutdown signal received, cleaning up
[2026-02-16 17:36:59] [commander] === Starting auto-ingest loop ===
[2026-02-16 17:36:59] [commander] Agent: commander | Repo: /Users/home/Desktop/syncrescendence | Pane: constellation:1.3
[2026-02-16 17:36:59] [commander] Recovered in-progress task: TASK-20260216-fetch_adjudicator_audit_and_deploy_openclaw
[2026-02-16 17:36:59] [commander] Shutdown signal received, cleaning up
[2026-02-16 17:37:59] [commander] === Starting auto-ingest loop ===
[2026-02-16 17:37:59] [commander] Agent: commander | Repo: /Users/home/Desktop/syncrescendence | Pane: constellation:1.3
[2026-02-16 17:37:59] [commander] Recovered in-progress task: TASK-20260216-fetch_adjudicator_audit_and_deploy_openclaw
[2026-02-16 17:37:59] [commander] Shutdown signal received, cleaning up
[2026-02-16 17:38:59] [commander] === Starting auto-ingest loop ===
[2026-02-16 17:38:59] [commander] Agent: commander | Repo: /Users/home/Desktop/syncrescendence | Pane: constellation:1.3
[2026-02-16 17:38:59] [commander] Recovered in-progress task: TASK-20260216-fetch_adjudicator_audit_and_deploy_openclaw
[2026-02-16 17:39:10] [commander] Shutdown signal received, cleaning up
[2026-02-16 17:39:12] [commander] === Starting auto-ingest loop ===
[2026-02-16 17:39:12] [commander] Agent: commander | Repo: /Users/home/Desktop/syncrescendence | Pane: constellation:1.3
[2026-02-16 17:39:13] [commander] Recovered in-progress task: TASK-20260216-fetch_adjudicator_audit_and_deploy_openclaw
[2026-02-16 17:39:33] [commander] Shutdown signal received, cleaning up
[2026-02-16 17:39:58] [commander] === Starting auto-ingest loop ===
[2026-02-16 17:39:58] [commander] Agent: commander | Repo: /Users/home/Desktop/syncrescendence | Pane: constellation:1.3
[2026-02-16 17:39:58] [commander] Recovered in-progress task: TASK-20260216-fetch_adjudicator_audit_and_deploy_openclaw
[2026-02-16 17:39:58] [commander] TIMEOUT: TASK-20260216-fetch_adjudicator_audit_and_deploy_openclaw (1811s exceeded 1800s limit)
[2026-02-16 17:53:35] [commander] Dispatching: TASK-20260217-disable_filevault_and_configure_autoboot
[2026-02-16 17:53:37] [commander] Dispatched successfully: TASK-20260217-disable_filevault_and_configure_autoboot
[2026-02-16 17:54:07] [commander] Task completed: TASK-20260217-disable_filevault_and_configure_autoboot (32s,     2062 bytes)
[2026-02-16 17:54:08] [commander] Sent CONFIRM to commander
[2026-02-16 17:54:13] [commander] Dispatching: TASK-20260217-force_offline_test
[2026-02-16 17:54:15] [commander] Dispatched successfully: TASK-20260217-force_offline_test
[2026-02-16 17:58:48] [commander] Shutdown signal received, cleaning up
[2026-02-16 18:00:31] [commander] === Starting auto-ingest loop ===
[2026-02-16 18:00:31] [commander] Agent: commander | Repo: /Users/home/Desktop/syncrescendence | Pane: constellation:1.3
[2026-02-16 18:00:31] [commander] Recovered in-progress task: TASK-20260217-force_offline_test
[2026-02-16 18:24:16] [commander] TIMEOUT: TASK-20260217-force_offline_test (1803s exceeded 1800s limit)
[2026-02-16 18:24:22] [commander] Dispatching: TASK-20260217-sync_results_and_cleanup
[2026-02-16 18:24:24] [commander] Dispatched successfully: TASK-20260217-sync_results_and_cleanup
