[2026-02-17 08:17:34] [commander] ERROR: No objective found in /Users/home/Desktop/syncrescendence/-INBOX/commander/00-INBOX0/TASK-LINEAR-STATUS-202602170700.md
[2026-02-17 08:18:04] [commander] ERROR: No objective found in /Users/home/Desktop/syncrescendence/-INBOX/commander/00-INBOX0/TASK-LINEAR-STATUS-202602170700.md
[2026-02-17 08:18:36] [commander] ERROR: No objective found in /Users/home/Desktop/syncrescendence/-INBOX/commander/00-INBOX0/TASK-LINEAR-STATUS-202602170700.md
[2026-02-17 08:19:07] [commander] ERROR: No objective found in /Users/home/Desktop/syncrescendence/-INBOX/commander/00-INBOX0/TASK-LINEAR-STATUS-202602170700.md
[2026-02-17 08:19:38] [commander] ERROR: No objective found in /Users/home/Desktop/syncrescendence/-INBOX/commander/00-INBOX0/TASK-LINEAR-STATUS-202602170700.md
[2026-02-17 08:20:09] [commander] ERROR: No objective found in /Users/home/Desktop/syncrescendence/-INBOX/commander/00-INBOX0/TASK-LINEAR-STATUS-202602170700.md
[2026-02-17 08:20:41] [commander] ERROR: No objective found in /Users/home/Desktop/syncrescendence/-INBOX/commander/00-INBOX0/TASK-LINEAR-STATUS-202602170700.md
[2026-02-17 08:21:12] [commander] ERROR: No objective found in /Users/home/Desktop/syncrescendence/-INBOX/commander/00-INBOX0/TASK-LINEAR-STATUS-202602170700.md
[2026-02-17 08:21:48] [commander] ERROR: No objective found in /Users/home/Desktop/syncrescendence/-INBOX/commander/00-INBOX0/TASK-LINEAR-STATUS-202602170700.md
[2026-02-17 08:22:19] [commander] ERROR: No objective found in /Users/home/Desktop/syncrescendence/-INBOX/commander/00-INBOX0/TASK-LINEAR-STATUS-202602170700.md
[2026-02-17 08:22:52] [commander] ERROR: No objective found in /Users/home/Desktop/syncrescendence/-INBOX/commander/00-INBOX0/TASK-LINEAR-STATUS-202602170700.md
[2026-02-17 08:23:22] [commander] ERROR: No objective found in /Users/home/Desktop/syncrescendence/-INBOX/commander/00-INBOX0/TASK-LINEAR-STATUS-202602170700.md
[2026-02-17 08:23:55] [commander] ERROR: No objective found in /Users/home/Desktop/syncrescendence/-INBOX/commander/00-INBOX0/TASK-LINEAR-STATUS-202602170700.md
[2026-02-17 08:24:25] [commander] ERROR: No objective found in /Users/home/Desktop/syncrescendence/-INBOX/commander/00-INBOX0/TASK-LINEAR-STATUS-202602170700.md
[2026-02-17 08:25:00] [commander] ERROR: No objective found in /Users/home/Desktop/syncrescendence/-INBOX/commander/00-INBOX0/TASK-LINEAR-STATUS-202602170700.md
[2026-02-17 08:25:31] [commander] ERROR: No objective found in /Users/home/Desktop/syncrescendence/-INBOX/commander/00-INBOX0/TASK-LINEAR-STATUS-202602170700.md
[2026-02-17 08:26:04] [commander] ERROR: No objective found in /Users/home/Desktop/syncrescendence/-INBOX/commander/00-INBOX0/TASK-LINEAR-STATUS-202602170700.md
[2026-02-17 08:26:34] [commander] ERROR: No objective found in /Users/home/Desktop/syncrescendence/-INBOX/commander/00-INBOX0/TASK-LINEAR-STATUS-202602170700.md
[2026-02-17 08:27:05] [commander] ERROR: No objective found in /Users/home/Desktop/syncrescendence/-INBOX/commander/00-INBOX0/TASK-LINEAR-STATUS-202602170700.md
[2026-02-17 08:27:36] [commander] ERROR: No objective found in /Users/home/Desktop/syncrescendence/-INBOX/commander/00-INBOX0/TASK-LINEAR-STATUS-202602170700.md
[2026-02-17 08:28:07] [commander] Dispatching: TASK-20260216-fetch_adjudicator_audit_and_deploy_openclaw
[2026-02-17 08:28:10] [commander] Dispatched successfully: TASK-20260216-fetch_adjudicator_audit_and_deploy_openclaw
[2026-02-17 08:31:42] [commander] Task completed: TASK-20260216-fetch_adjudicator_audit_and_deploy_openclaw (215s,     1051 bytes)
[2026-02-17 08:31:43] [commander] Sent CONFIRM to commander
[2026-02-17 08:31:53] [commander] Dispatching: TASK-20260217-force_offline_test
[2026-02-17 08:32:00] [commander] Dispatched successfully: TASK-20260217-force_offline_test
[2026-02-17 08:33:03] [commander] Task completed: TASK-20260217-force_offline_test (70s,      971 bytes)
[2026-02-17 08:33:03] [commander] Sent CONFIRM to commander
[2026-02-17 08:33:09] [commander] ERROR: No objective found in /Users/home/Desktop/syncrescendence/-INBOX/commander/00-INBOX0/TASK-LINEAR-STATUS-202602170700.md
[2026-02-17 08:33:39] [commander] ERROR: No objective found in /Users/home/Desktop/syncrescendence/-INBOX/commander/00-INBOX0/TASK-LINEAR-STATUS-202602170700.md
[2026-02-17 08:34:09] [commander] ERROR: No objective found in /Users/home/Desktop/syncrescendence/-INBOX/commander/00-INBOX0/TASK-LINEAR-STATUS-202602170700.md
[2026-02-17 08:34:21] [commander] Shutdown signal received, cleaning up
[2026-02-17 08:34:22] [commander] === Starting auto-ingest loop ===
[2026-02-17 08:34:22] [commander] Agent: commander | Repo: /Users/home/Desktop/syncrescendence | Pane: constellation:1.3
[2026-02-17 08:34:23] [commander] Neural Bridge env: AJNA=macbook-air CMD=local ADJ=local CART=local PSY=local
[2026-02-17 08:34:23] [commander] ERROR: No objective found in /Users/home/Desktop/syncrescendence/-INBOX/commander/00-INBOX0/TASK-LINEAR-STATUS-202602170700.md
[2026-02-17 08:34:56] [commander] ERROR: No objective found in /Users/home/Desktop/syncrescendence/-INBOX/commander/00-INBOX0/TASK-LINEAR-STATUS-202602170700.md
[2026-02-17 08:35:09] [commander] Shutdown signal received, cleaning up
[2026-02-17 08:35:09] [commander] === Starting auto-ingest loop ===
[2026-02-17 08:35:09] [commander] Agent: commander | Repo: /Users/home/Desktop/syncrescendence | Pane: constellation:1.3
[2026-02-17 08:35:11] [commander] Neural Bridge env: AJNA=macbook-air CMD=local ADJ=local CART=local PSY=local
[2026-02-17 08:35:12] [commander] ERROR: No objective found in /Users/home/Desktop/syncrescendence/-INBOX/commander/00-INBOX0/TASK-LINEAR-STATUS-202602170700.md
[2026-02-17 08:35:47] [commander] ERROR: No objective found in /Users/home/Desktop/syncrescendence/-INBOX/commander/00-INBOX0/TASK-LINEAR-STATUS-202602170700.md
[2026-02-17 08:36:17] [commander] ERROR: No objective found in /Users/home/Desktop/syncrescendence/-INBOX/commander/00-INBOX0/TASK-LINEAR-STATUS-202602170700.md
[2026-02-17 08:36:48] [commander] ERROR: No objective found in /Users/home/Desktop/syncrescendence/-INBOX/commander/00-INBOX0/TASK-LINEAR-STATUS-202602170700.md
[2026-02-17 08:37:18] [commander] Dispatching: TASK-20260217-sync_results_and_cleanup
[2026-02-17 08:37:21] [commander] Dispatched successfully: TASK-20260217-sync_results_and_cleanup
[2026-02-17 08:38:55] [commander] Task completed: TASK-20260217-sync_results_and_cleanup (97s,     2415 bytes)
[2026-02-17 08:38:55] [commander] Sent CONFIRM to commander
[2026-02-17 08:39:00] [commander] ERROR: No objective found in /Users/home/Desktop/syncrescendence/-INBOX/commander/00-INBOX0/TASK-CORPUS-INSIGHT-20260217.md
[2026-02-17 08:39:30] [commander] ERROR: No objective found in /Users/home/Desktop/syncrescendence/-INBOX/commander/00-INBOX0/TASK-CORPUS-INSIGHT-20260217.md
[2026-02-17 08:40:01] [commander] ERROR: No objective found in /Users/home/Desktop/syncrescendence/-INBOX/commander/00-INBOX0/TASK-CORPUS-INSIGHT-20260217.md
[2026-02-17 08:40:31] [commander] ERROR: No objective found in /Users/home/Desktop/syncrescendence/-INBOX/commander/00-INBOX0/TASK-CORPUS-INSIGHT-20260217.md
[2026-02-17 08:41:01] [commander] ERROR: No objective found in /Users/home/Desktop/syncrescendence/-INBOX/commander/00-INBOX0/TASK-CORPUS-INSIGHT-20260217.md
[2026-02-17 08:41:32] [commander] ERROR: No objective found in /Users/home/Desktop/syncrescendence/-INBOX/commander/00-INBOX0/TASK-CORPUS-INSIGHT-20260217.md
[2026-02-17 08:42:02] [commander] ERROR: No objective found in /Users/home/Desktop/syncrescendence/-INBOX/commander/00-INBOX0/TASK-CORPUS-INSIGHT-20260217.md
[2026-02-17 08:42:32] [commander] ERROR: No objective found in /Users/home/Desktop/syncrescendence/-INBOX/commander/00-INBOX0/TASK-CORPUS-INSIGHT-20260217.md
[2026-02-17 08:43:03] [commander] ERROR: No objective found in /Users/home/Desktop/syncrescendence/-INBOX/commander/00-INBOX0/TASK-CORPUS-INSIGHT-20260217.md
[2026-02-17 08:43:33] [commander] ERROR: No objective found in /Users/home/Desktop/syncrescendence/-INBOX/commander/00-INBOX0/TASK-CORPUS-INSIGHT-20260217.md
[2026-02-17 08:44:04] [commander] ERROR: No objective found in /Users/home/Desktop/syncrescendence/-INBOX/commander/00-INBOX0/TASK-CORPUS-INSIGHT-20260217.md
[2026-02-17 08:44:34] [commander] ERROR: No objective found in /Users/home/Desktop/syncrescendence/-INBOX/commander/00-INBOX0/TASK-CORPUS-INSIGHT-20260217.md
[2026-02-17 08:45:04] [commander] ERROR: No objective found in /Users/home/Desktop/syncrescendence/-INBOX/commander/00-INBOX0/TASK-CORPUS-INSIGHT-20260217.md
[2026-02-17 08:45:34] [commander] ERROR: No objective found in /Users/home/Desktop/syncrescendence/-INBOX/commander/00-INBOX0/TASK-CORPUS-INSIGHT-20260217.md
[2026-02-17 08:46:05] [commander] ERROR: No objective found in /Users/home/Desktop/syncrescendence/-INBOX/commander/00-INBOX0/TASK-CORPUS-INSIGHT-20260217.md
[2026-02-17 08:46:35] [commander] ERROR: No objective found in /Users/home/Desktop/syncrescendence/-INBOX/commander/00-INBOX0/TASK-CORPUS-INSIGHT-20260217.md
[2026-02-17 08:47:06] [commander] ERROR: No objective found in /Users/home/Desktop/syncrescendence/-INBOX/commander/00-INBOX0/TASK-CORPUS-INSIGHT-20260217.md
[2026-02-17 08:47:36] [commander] ERROR: No objective found in /Users/home/Desktop/syncrescendence/-INBOX/commander/00-INBOX0/TASK-CORPUS-INSIGHT-20260217.md
[2026-02-17 08:48:07] [commander] ERROR: No objective found in /Users/home/Desktop/syncrescendence/-INBOX/commander/00-INBOX0/TASK-CORPUS-INSIGHT-20260217.md
[2026-02-17 08:48:37] [commander] ERROR: No objective found in /Users/home/Desktop/syncrescendence/-INBOX/commander/00-INBOX0/TASK-CORPUS-INSIGHT-20260217.md
[2026-02-17 08:49:08] [commander] ERROR: No objective found in /Users/home/Desktop/syncrescendence/-INBOX/commander/00-INBOX0/TASK-CORPUS-INSIGHT-20260217.md
[2026-02-17 08:49:38] [commander] ERROR: No objective found in /Users/home/Desktop/syncrescendence/-INBOX/commander/00-INBOX0/TASK-CORPUS-INSIGHT-20260217.md
[2026-02-17 08:50:08] [commander] ERROR: No objective found in /Users/home/Desktop/syncrescendence/-INBOX/commander/00-INBOX0/TASK-CORPUS-INSIGHT-20260217.md
[2026-02-17 08:50:38] [commander] ERROR: No objective found in /Users/home/Desktop/syncrescendence/-INBOX/commander/00-INBOX0/TASK-CORPUS-INSIGHT-20260217.md
[2026-02-17 08:51:09] [commander] ERROR: No objective found in /Users/home/Desktop/syncrescendence/-INBOX/commander/00-INBOX0/TASK-CORPUS-INSIGHT-20260217.md
[2026-02-17 08:51:39] [commander] ERROR: No objective found in /Users/home/Desktop/syncrescendence/-INBOX/commander/00-INBOX0/TASK-CORPUS-INSIGHT-20260217.md
[2026-02-17 08:52:10] [commander] ERROR: No objective found in /Users/home/Desktop/syncrescendence/-INBOX/commander/00-INBOX0/TASK-CORPUS-INSIGHT-20260217.md
[2026-02-17 08:52:40] [commander] ERROR: No objective found in /Users/home/Desktop/syncrescendence/-INBOX/commander/00-INBOX0/TASK-CORPUS-INSIGHT-20260217.md
[2026-02-17 08:53:10] [commander] ERROR: No objective found in /Users/home/Desktop/syncrescendence/-INBOX/commander/00-INBOX0/TASK-CORPUS-INSIGHT-20260217.md
[2026-02-17 08:53:41] [commander] ERROR: No objective found in /Users/home/Desktop/syncrescendence/-INBOX/commander/00-INBOX0/TASK-CORPUS-INSIGHT-20260217.md
[2026-02-17 08:54:11] [commander] ERROR: No objective found in /Users/home/Desktop/syncrescendence/-INBOX/commander/00-INBOX0/TASK-CORPUS-INSIGHT-20260217.md
[2026-02-17 08:54:42] [commander] ERROR: No objective found in /Users/home/Desktop/syncrescendence/-INBOX/commander/00-INBOX0/TASK-CORPUS-INSIGHT-20260217.md
[2026-02-17 08:55:12] [commander] ERROR: No objective found in /Users/home/Desktop/syncrescendence/-INBOX/commander/00-INBOX0/TASK-CORPUS-INSIGHT-20260217.md
[2026-02-17 08:55:42] [commander] ERROR: No objective found in /Users/home/Desktop/syncrescendence/-INBOX/commander/00-INBOX0/TASK-CORPUS-INSIGHT-20260217.md
[2026-02-17 08:56:13] [commander] ERROR: No objective found in /Users/home/Desktop/syncrescendence/-INBOX/commander/00-INBOX0/TASK-CORPUS-INSIGHT-20260217.md
[2026-02-17 08:56:43] [commander] ERROR: No objective found in /Users/home/Desktop/syncrescendence/-INBOX/commander/00-INBOX0/TASK-CORPUS-INSIGHT-20260217.md
[2026-02-17 08:57:14] [commander] ERROR: No objective found in /Users/home/Desktop/syncrescendence/-INBOX/commander/00-INBOX0/TASK-CORPUS-INSIGHT-20260217.md
[2026-02-17 08:57:44] [commander] ERROR: No objective found in /Users/home/Desktop/syncrescendence/-INBOX/commander/00-INBOX0/TASK-CORPUS-INSIGHT-20260217.md
[2026-02-17 08:58:14] [commander] ERROR: No objective found in /Users/home/Desktop/syncrescendence/-INBOX/commander/00-INBOX0/TASK-CORPUS-INSIGHT-20260217.md
[2026-02-17 08:58:45] [commander] ERROR: No objective found in /Users/home/Desktop/syncrescendence/-INBOX/commander/00-INBOX0/TASK-CORPUS-INSIGHT-20260217.md
[2026-02-17 08:59:15] [commander] ERROR: No objective found in /Users/home/Desktop/syncrescendence/-INBOX/commander/00-INBOX0/TASK-CORPUS-INSIGHT-20260217.md
[2026-02-17 09:00:51] [commander] ERROR: No objective found in /Users/home/Desktop/syncrescendence/-INBOX/commander/00-INBOX0/TASK-CORPUS-INSIGHT-20260217.md
[2026-02-17 09:01:23] [commander] ERROR: No objective found in /Users/home/Desktop/syncrescendence/-INBOX/commander/00-INBOX0/TASK-CORPUS-INSIGHT-20260217.md
[2026-02-17 09:01:54] [commander] ERROR: No objective found in /Users/home/Desktop/syncrescendence/-INBOX/commander/00-INBOX0/TASK-CORPUS-INSIGHT-20260217.md
[2026-02-17 09:02:24] [commander] ERROR: No objective found in /Users/home/Desktop/syncrescendence/-INBOX/commander/00-INBOX0/TASK-CORPUS-INSIGHT-20260217.md
[2026-02-17 09:02:55] [commander] ERROR: No objective found in /Users/home/Desktop/syncrescendence/-INBOX/commander/00-INBOX0/TASK-CORPUS-INSIGHT-20260217.md
[2026-02-17 09:03:26] [commander] ERROR: No objective found in /Users/home/Desktop/syncrescendence/-INBOX/commander/00-INBOX0/TASK-CORPUS-INSIGHT-20260217.md
[2026-02-17 09:03:56] [commander] ERROR: No objective found in /Users/home/Desktop/syncrescendence/-INBOX/commander/00-INBOX0/TASK-CORPUS-INSIGHT-20260217.md
[2026-02-17 09:04:26] [commander] ERROR: No objective found in /Users/home/Desktop/syncrescendence/-INBOX/commander/00-INBOX0/TASK-CORPUS-INSIGHT-20260217.md
[2026-02-17 09:04:57] [commander] ERROR: No objective found in /Users/home/Desktop/syncrescendence/-INBOX/commander/00-INBOX0/TASK-CORPUS-INSIGHT-20260217.md
[2026-02-17 09:05:27] [commander] ERROR: No objective found in /Users/home/Desktop/syncrescendence/-INBOX/commander/00-INBOX0/TASK-CORPUS-INSIGHT-20260217.md
[2026-02-17 09:05:57] [commander] ERROR: No objective found in /Users/home/Desktop/syncrescendence/-INBOX/commander/00-INBOX0/TASK-CORPUS-INSIGHT-20260217.md
[2026-02-17 09:06:28] [commander] ERROR: No objective found in /Users/home/Desktop/syncrescendence/-INBOX/commander/00-INBOX0/TASK-CORPUS-INSIGHT-20260217.md
[2026-02-17 09:06:58] [commander] ERROR: No objective found in /Users/home/Desktop/syncrescendence/-INBOX/commander/00-INBOX0/TASK-CORPUS-INSIGHT-20260217.md
[2026-02-17 09:07:28] [commander] ERROR: No objective found in /Users/home/Desktop/syncrescendence/-INBOX/commander/00-INBOX0/TASK-CORPUS-INSIGHT-20260217.md
[2026-02-17 09:07:59] [commander] ERROR: No objective found in /Users/home/Desktop/syncrescendence/-INBOX/commander/00-INBOX0/TASK-CORPUS-INSIGHT-20260217.md
[2026-02-17 09:08:29] [commander] ERROR: No objective found in /Users/home/Desktop/syncrescendence/-INBOX/commander/00-INBOX0/TASK-CORPUS-INSIGHT-20260217.md
[2026-02-17 09:08:59] [commander] ERROR: No objective found in /Users/home/Desktop/syncrescendence/-INBOX/commander/00-INBOX0/TASK-CORPUS-INSIGHT-20260217.md
[2026-02-17 09:09:30] [commander] ERROR: No objective found in /Users/home/Desktop/syncrescendence/-INBOX/commander/00-INBOX0/TASK-CORPUS-INSIGHT-20260217.md
[2026-02-17 09:10:00] [commander] ERROR: No objective found in /Users/home/Desktop/syncrescendence/-INBOX/commander/00-INBOX0/TASK-CORPUS-INSIGHT-20260217.md
[2026-02-17 09:10:30] [commander] ERROR: No objective found in /Users/home/Desktop/syncrescendence/-INBOX/commander/00-INBOX0/TASK-CORPUS-INSIGHT-20260217.md
[2026-02-17 09:11:01] [commander] ERROR: No objective found in /Users/home/Desktop/syncrescendence/-INBOX/commander/00-INBOX0/TASK-CORPUS-INSIGHT-20260217.md
[2026-02-17 09:11:31] [commander] ERROR: No objective found in /Users/home/Desktop/syncrescendence/-INBOX/commander/00-INBOX0/TASK-CORPUS-INSIGHT-20260217.md
[2026-02-17 09:12:01] [commander] ERROR: No objective found in /Users/home/Desktop/syncrescendence/-INBOX/commander/00-INBOX0/TASK-CORPUS-INSIGHT-20260217.md
[2026-02-17 09:12:31] [commander] ERROR: No objective found in /Users/home/Desktop/syncrescendence/-INBOX/commander/00-INBOX0/TASK-CORPUS-INSIGHT-20260217.md
[2026-02-17 09:13:02] [commander] ERROR: No objective found in /Users/home/Desktop/syncrescendence/-INBOX/commander/00-INBOX0/TASK-CORPUS-INSIGHT-20260217.md
[2026-02-17 09:13:32] [commander] ERROR: No objective found in /Users/home/Desktop/syncrescendence/-INBOX/commander/00-INBOX0/TASK-CORPUS-INSIGHT-20260217.md
[2026-02-17 09:14:02] [commander] ERROR: No objective found in /Users/home/Desktop/syncrescendence/-INBOX/commander/00-INBOX0/TASK-CORPUS-INSIGHT-20260217.md
[2026-02-17 09:14:32] [commander] ERROR: No objective found in /Users/home/Desktop/syncrescendence/-INBOX/commander/00-INBOX0/TASK-CORPUS-INSIGHT-20260217.md
[2026-02-17 09:15:02] [commander] ERROR: No objective found in /Users/home/Desktop/syncrescendence/-INBOX/commander/00-INBOX0/TASK-CORPUS-INSIGHT-20260217.md
[2026-02-17 09:15:33] [commander] ERROR: No objective found in /Users/home/Desktop/syncrescendence/-INBOX/commander/00-INBOX0/TASK-CORPUS-INSIGHT-20260217.md
[2026-02-17 09:16:03] [commander] ERROR: No objective found in /Users/home/Desktop/syncrescendence/-INBOX/commander/00-INBOX0/TASK-CORPUS-INSIGHT-20260217.md
[2026-02-17 09:16:33] [commander] ERROR: No objective found in /Users/home/Desktop/syncrescendence/-INBOX/commander/00-INBOX0/TASK-CORPUS-INSIGHT-20260217.md
[2026-02-17 09:17:03] [commander] ERROR: No objective found in /Users/home/Desktop/syncrescendence/-INBOX/commander/00-INBOX0/TASK-CORPUS-INSIGHT-20260217.md
[2026-02-17 09:17:34] [commander] ERROR: No objective found in /Users/home/Desktop/syncrescendence/-INBOX/commander/00-INBOX0/TASK-CORPUS-INSIGHT-20260217.md
[2026-02-17 09:18:04] [commander] ERROR: No objective found in /Users/home/Desktop/syncrescendence/-INBOX/commander/00-INBOX0/TASK-CORPUS-INSIGHT-20260217.md
[2026-02-17 09:18:34] [commander] ERROR: No objective found in /Users/home/Desktop/syncrescendence/-INBOX/commander/00-INBOX0/TASK-CORPUS-INSIGHT-20260217.md
[2026-02-17 09:19:05] [commander] ERROR: No objective found in /Users/home/Desktop/syncrescendence/-INBOX/commander/00-INBOX0/TASK-CORPUS-INSIGHT-20260217.md
[2026-02-17 09:19:37] [commander] ERROR: No objective found in /Users/home/Desktop/syncrescendence/-INBOX/commander/00-INBOX0/TASK-CORPUS-INSIGHT-20260217.md
[2026-02-17 09:20:08] [commander] ERROR: No objective found in /Users/home/Desktop/syncrescendence/-INBOX/commander/00-INBOX0/TASK-CORPUS-INSIGHT-20260217.md
[2026-02-17 09:20:38] [commander] ERROR: No objective found in /Users/home/Desktop/syncrescendence/-INBOX/commander/00-INBOX0/TASK-CORPUS-INSIGHT-20260217.md
[2026-02-17 09:21:08] [commander] ERROR: No objective found in /Users/home/Desktop/syncrescendence/-INBOX/commander/00-INBOX0/TASK-CORPUS-INSIGHT-20260217.md
[2026-02-17 09:21:39] [commander] ERROR: No objective found in /Users/home/Desktop/syncrescendence/-INBOX/commander/00-INBOX0/TASK-CORPUS-INSIGHT-20260217.md
[2026-02-17 09:22:09] [commander] ERROR: No objective found in /Users/home/Desktop/syncrescendence/-INBOX/commander/00-INBOX0/TASK-CORPUS-INSIGHT-20260217.md
[2026-02-17 09:22:39] [commander] ERROR: No objective found in /Users/home/Desktop/syncrescendence/-INBOX/commander/00-INBOX0/TASK-CORPUS-INSIGHT-20260217.md
[2026-02-17 09:23:09] [commander] ERROR: No objective found in /Users/home/Desktop/syncrescendence/-INBOX/commander/00-INBOX0/TASK-CORPUS-INSIGHT-20260217.md
[2026-02-17 09:23:40] [commander] ERROR: No objective found in /Users/home/Desktop/syncrescendence/-INBOX/commander/00-INBOX0/TASK-CORPUS-INSIGHT-20260217.md
[2026-02-17 09:24:10] [commander] ERROR: No objective found in /Users/home/Desktop/syncrescendence/-INBOX/commander/00-INBOX0/TASK-CORPUS-INSIGHT-20260217.md
[2026-02-17 09:24:40] [commander] ERROR: No objective found in /Users/home/Desktop/syncrescendence/-INBOX/commander/00-INBOX0/TASK-CORPUS-INSIGHT-20260217.md
[2026-02-17 09:25:10] [commander] ERROR: No objective found in /Users/home/Desktop/syncrescendence/-INBOX/commander/00-INBOX0/TASK-CORPUS-INSIGHT-20260217.md
[2026-02-17 09:25:40] [commander] ERROR: No objective found in /Users/home/Desktop/syncrescendence/-INBOX/commander/00-INBOX0/TASK-CORPUS-INSIGHT-20260217.md
[2026-02-17 09:26:10] [commander] ERROR: No objective found in /Users/home/Desktop/syncrescendence/-INBOX/commander/00-INBOX0/TASK-CORPUS-INSIGHT-20260217.md
[2026-02-17 09:26:41] [commander] ERROR: No objective found in /Users/home/Desktop/syncrescendence/-INBOX/commander/00-INBOX0/TASK-CORPUS-INSIGHT-20260217.md
[2026-02-17 09:27:11] [commander] ERROR: No objective found in /Users/home/Desktop/syncrescendence/-INBOX/commander/00-INBOX0/TASK-CORPUS-INSIGHT-20260217.md
[2026-02-17 09:27:41] [commander] ERROR: No objective found in /Users/home/Desktop/syncrescendence/-INBOX/commander/00-INBOX0/TASK-CORPUS-INSIGHT-20260217.md
[2026-02-17 09:28:11] [commander] ERROR: No objective found in /Users/home/Desktop/syncrescendence/-INBOX/commander/00-INBOX0/TASK-CORPUS-INSIGHT-20260217.md
[2026-02-17 09:28:42] [commander] ERROR: No objective found in /Users/home/Desktop/syncrescendence/-INBOX/commander/00-INBOX0/TASK-CORPUS-INSIGHT-20260217.md
[2026-02-17 09:29:12] [commander] ERROR: No objective found in /Users/home/Desktop/syncrescendence/-INBOX/commander/00-INBOX0/TASK-CORPUS-INSIGHT-20260217.md
[2026-02-17 09:29:42] [commander] ERROR: No objective found in /Users/home/Desktop/syncrescendence/-INBOX/commander/00-INBOX0/TASK-CORPUS-INSIGHT-20260217.md
[2026-02-17 09:30:12] [commander] ERROR: No objective found in /Users/home/Desktop/syncrescendence/-INBOX/commander/00-INBOX0/TASK-CORPUS-INSIGHT-20260217.md
[2026-02-17 09:30:43] [commander] ERROR: No objective found in /Users/home/Desktop/syncrescendence/-INBOX/commander/00-INBOX0/TASK-CORPUS-INSIGHT-20260217.md
[2026-02-17 09:31:13] [commander] ERROR: No objective found in /Users/home/Desktop/syncrescendence/-INBOX/commander/00-INBOX0/TASK-CORPUS-INSIGHT-20260217.md
[2026-02-17 09:31:43] [commander] ERROR: No objective found in /Users/home/Desktop/syncrescendence/-INBOX/commander/00-INBOX0/TASK-CORPUS-INSIGHT-20260217.md
[2026-02-17 09:32:14] [commander] ERROR: No objective found in /Users/home/Desktop/syncrescendence/-INBOX/commander/00-INBOX0/TASK-CORPUS-INSIGHT-20260217.md
[2026-02-17 09:32:44] [commander] ERROR: No objective found in /Users/home/Desktop/syncrescendence/-INBOX/commander/00-INBOX0/TASK-CORPUS-INSIGHT-20260217.md
[2026-02-17 09:33:14] [commander] ERROR: No objective found in /Users/home/Desktop/syncrescendence/-INBOX/commander/00-INBOX0/TASK-CORPUS-INSIGHT-20260217.md
[2026-02-17 09:33:45] [commander] ERROR: No objective found in /Users/home/Desktop/syncrescendence/-INBOX/commander/00-INBOX0/TASK-CORPUS-INSIGHT-20260217.md
[2026-02-17 09:34:15] [commander] ERROR: No objective found in /Users/home/Desktop/syncrescendence/-INBOX/commander/00-INBOX0/TASK-CORPUS-INSIGHT-20260217.md
[2026-02-17 09:34:45] [commander] ERROR: No objective found in /Users/home/Desktop/syncrescendence/-INBOX/commander/00-INBOX0/TASK-CORPUS-INSIGHT-20260217.md
[2026-02-17 09:35:16] [commander] ERROR: No objective found in /Users/home/Desktop/syncrescendence/-INBOX/commander/00-INBOX0/TASK-CORPUS-INSIGHT-20260217.md
[2026-02-17 09:35:46] [commander] ERROR: No objective found in /Users/home/Desktop/syncrescendence/-INBOX/commander/00-INBOX0/TASK-CORPUS-INSIGHT-20260217.md
[2026-02-17 09:36:16] [commander] ERROR: No objective found in /Users/home/Desktop/syncrescendence/-INBOX/commander/00-INBOX0/TASK-CORPUS-INSIGHT-20260217.md
[2026-02-17 09:36:46] [commander] ERROR: No objective found in /Users/home/Desktop/syncrescendence/-INBOX/commander/00-INBOX0/TASK-CORPUS-INSIGHT-20260217.md
[2026-02-17 09:37:17] [commander] ERROR: No objective found in /Users/home/Desktop/syncrescendence/-INBOX/commander/00-INBOX0/TASK-CORPUS-INSIGHT-20260217.md
[2026-02-17 09:37:47] [commander] ERROR: No objective found in /Users/home/Desktop/syncrescendence/-INBOX/commander/00-INBOX0/TASK-CORPUS-INSIGHT-20260217.md
[2026-02-17 09:38:17] [commander] ERROR: No objective found in /Users/home/Desktop/syncrescendence/-INBOX/commander/00-INBOX0/TASK-CORPUS-INSIGHT-20260217.md
[2026-02-17 09:38:47] [commander] ERROR: No objective found in /Users/home/Desktop/syncrescendence/-INBOX/commander/00-INBOX0/TASK-CORPUS-INSIGHT-20260217.md
[2026-02-17 09:39:18] [commander] ERROR: No objective found in /Users/home/Desktop/syncrescendence/-INBOX/commander/00-INBOX0/TASK-CORPUS-INSIGHT-20260217.md
[2026-02-17 09:39:48] [commander] ERROR: No objective found in /Users/home/Desktop/syncrescendence/-INBOX/commander/00-INBOX0/TASK-CORPUS-INSIGHT-20260217.md
[2026-02-17 09:40:18] [commander] ERROR: No objective found in /Users/home/Desktop/syncrescendence/-INBOX/commander/00-INBOX0/TASK-CORPUS-INSIGHT-20260217.md
[2026-02-17 09:40:49] [commander] ERROR: No objective found in /Users/home/Desktop/syncrescendence/-INBOX/commander/00-INBOX0/TASK-CORPUS-INSIGHT-20260217.md
[2026-02-17 09:41:19] [commander] ERROR: No objective found in /Users/home/Desktop/syncrescendence/-INBOX/commander/00-INBOX0/TASK-CORPUS-INSIGHT-20260217.md
[2026-02-17 09:41:49] [commander] ERROR: No objective found in /Users/home/Desktop/syncrescendence/-INBOX/commander/00-INBOX0/TASK-CORPUS-INSIGHT-20260217.md
[2026-02-17 09:42:19] [commander] ERROR: No objective found in /Users/home/Desktop/syncrescendence/-INBOX/commander/00-INBOX0/TASK-CORPUS-INSIGHT-20260217.md
[2026-02-17 09:42:50] [commander] ERROR: No objective found in /Users/home/Desktop/syncrescendence/-INBOX/commander/00-INBOX0/TASK-CORPUS-INSIGHT-20260217.md
[2026-02-17 09:43:20] [commander] ERROR: No objective found in /Users/home/Desktop/syncrescendence/-INBOX/commander/00-INBOX0/TASK-CORPUS-INSIGHT-20260217.md
[2026-02-17 09:43:50] [commander] ERROR: No objective found in /Users/home/Desktop/syncrescendence/-INBOX/commander/00-INBOX0/TASK-CORPUS-INSIGHT-20260217.md
[2026-02-17 09:44:21] [commander] ERROR: No objective found in /Users/home/Desktop/syncrescendence/-INBOX/commander/00-INBOX0/TASK-CORPUS-INSIGHT-20260217.md
[2026-02-17 09:44:51] [commander] ERROR: No objective found in /Users/home/Desktop/syncrescendence/-INBOX/commander/00-INBOX0/TASK-CORPUS-INSIGHT-20260217.md
[2026-02-17 09:45:21] [commander] ERROR: No objective found in /Users/home/Desktop/syncrescendence/-INBOX/commander/00-INBOX0/TASK-CORPUS-INSIGHT-20260217.md
[2026-02-17 09:45:51] [commander] ERROR: No objective found in /Users/home/Desktop/syncrescendence/-INBOX/commander/00-INBOX0/TASK-CORPUS-INSIGHT-20260217.md
[2026-02-17 09:46:22] [commander] ERROR: No objective found in /Users/home/Desktop/syncrescendence/-INBOX/commander/00-INBOX0/TASK-CORPUS-INSIGHT-20260217.md
[2026-02-17 09:46:52] [commander] ERROR: No objective found in /Users/home/Desktop/syncrescendence/-INBOX/commander/00-INBOX0/TASK-CORPUS-INSIGHT-20260217.md
[2026-02-17 09:47:22] [commander] ERROR: No objective found in /Users/home/Desktop/syncrescendence/-INBOX/commander/00-INBOX0/TASK-CORPUS-INSIGHT-20260217.md
[2026-02-17 09:47:53] [commander] ERROR: No objective found in /Users/home/Desktop/syncrescendence/-INBOX/commander/00-INBOX0/TASK-CORPUS-INSIGHT-20260217.md
[2026-02-17 09:48:23] [commander] ERROR: No objective found in /Users/home/Desktop/syncrescendence/-INBOX/commander/00-INBOX0/TASK-CORPUS-INSIGHT-20260217.md
[2026-02-17 09:48:53] [commander] ERROR: No objective found in /Users/home/Desktop/syncrescendence/-INBOX/commander/00-INBOX0/TASK-CORPUS-INSIGHT-20260217.md
[2026-02-17 09:49:23] [commander] ERROR: No objective found in /Users/home/Desktop/syncrescendence/-INBOX/commander/00-INBOX0/TASK-CORPUS-INSIGHT-20260217.md
[2026-02-17 09:49:54] [commander] ERROR: No objective found in /Users/home/Desktop/syncrescendence/-INBOX/commander/00-INBOX0/TASK-CORPUS-INSIGHT-20260217.md
[2026-02-17 09:50:24] [commander] ERROR: No objective found in /Users/home/Desktop/syncrescendence/-INBOX/commander/00-INBOX0/TASK-CORPUS-INSIGHT-20260217.md
[2026-02-17 09:50:54] [commander] ERROR: No objective found in /Users/home/Desktop/syncrescendence/-INBOX/commander/00-INBOX0/TASK-CORPUS-INSIGHT-20260217.md
[2026-02-17 09:51:25] [commander] ERROR: No objective found in /Users/home/Desktop/syncrescendence/-INBOX/commander/00-INBOX0/TASK-CORPUS-INSIGHT-20260217.md
[2026-02-17 09:51:55] [commander] ERROR: No objective found in /Users/home/Desktop/syncrescendence/-INBOX/commander/00-INBOX0/TASK-CORPUS-INSIGHT-20260217.md
[2026-02-17 09:52:25] [commander] ERROR: No objective found in /Users/home/Desktop/syncrescendence/-INBOX/commander/00-INBOX0/TASK-CORPUS-INSIGHT-20260217.md
[2026-02-17 09:52:55] [commander] ERROR: No objective found in /Users/home/Desktop/syncrescendence/-INBOX/commander/00-INBOX0/TASK-CORPUS-INSIGHT-20260217.md
[2026-02-17 09:53:26] [commander] ERROR: No objective found in /Users/home/Desktop/syncrescendence/-INBOX/commander/00-INBOX0/TASK-CORPUS-INSIGHT-20260217.md
[2026-02-17 09:53:56] [commander] ERROR: No objective found in /Users/home/Desktop/syncrescendence/-INBOX/commander/00-INBOX0/TASK-CORPUS-INSIGHT-20260217.md
[2026-02-17 09:54:26] [commander] ERROR: No objective found in /Users/home/Desktop/syncrescendence/-INBOX/commander/00-INBOX0/TASK-CORPUS-INSIGHT-20260217.md
[2026-02-17 09:54:57] [commander] ERROR: No objective found in /Users/home/Desktop/syncrescendence/-INBOX/commander/00-INBOX0/TASK-CORPUS-INSIGHT-20260217.md
[2026-02-17 09:55:27] [commander] ERROR: No objective found in /Users/home/Desktop/syncrescendence/-INBOX/commander/00-INBOX0/TASK-CORPUS-INSIGHT-20260217.md
[2026-02-17 09:55:57] [commander] ERROR: No objective found in /Users/home/Desktop/syncrescendence/-INBOX/commander/00-INBOX0/TASK-CORPUS-INSIGHT-20260217.md
[2026-02-17 09:56:27] [commander] ERROR: No objective found in /Users/home/Desktop/syncrescendence/-INBOX/commander/00-INBOX0/TASK-CORPUS-INSIGHT-20260217.md
[2026-02-17 09:56:58] [commander] ERROR: No objective found in /Users/home/Desktop/syncrescendence/-INBOX/commander/00-INBOX0/TASK-CORPUS-INSIGHT-20260217.md
[2026-02-17 09:57:28] [commander] ERROR: No objective found in /Users/home/Desktop/syncrescendence/-INBOX/commander/00-INBOX0/TASK-CORPUS-INSIGHT-20260217.md
[2026-02-17 09:57:58] [commander] ERROR: No objective found in /Users/home/Desktop/syncrescendence/-INBOX/commander/00-INBOX0/TASK-CORPUS-INSIGHT-20260217.md
[2026-02-17 09:58:29] [commander] ERROR: No objective found in /Users/home/Desktop/syncrescendence/-INBOX/commander/00-INBOX0/TASK-CORPUS-INSIGHT-20260217.md
[2026-02-17 09:58:59] [commander] ERROR: No objective found in /Users/home/Desktop/syncrescendence/-INBOX/commander/00-INBOX0/TASK-CORPUS-INSIGHT-20260217.md
[2026-02-17 09:59:29] [commander] ERROR: No objective found in /Users/home/Desktop/syncrescendence/-INBOX/commander/00-INBOX0/TASK-CORPUS-INSIGHT-20260217.md
[2026-02-17 09:59:59] [commander] ERROR: No objective found in /Users/home/Desktop/syncrescendence/-INBOX/commander/00-INBOX0/TASK-CORPUS-INSIGHT-20260217.md
[2026-02-17 10:00:30] [commander] ERROR: No objective found in /Users/home/Desktop/syncrescendence/-INBOX/commander/00-INBOX0/TASK-CORPUS-INSIGHT-20260217.md
[2026-02-17 10:01:00] [commander] ERROR: No objective found in /Users/home/Desktop/syncrescendence/-INBOX/commander/00-INBOX0/TASK-CORPUS-INSIGHT-20260217.md
[2026-02-17 10:01:30] [commander] ERROR: No objective found in /Users/home/Desktop/syncrescendence/-INBOX/commander/00-INBOX0/TASK-CORPUS-INSIGHT-20260217.md
[2026-02-17 10:02:01] [commander] ERROR: No objective found in /Users/home/Desktop/syncrescendence/-INBOX/commander/00-INBOX0/TASK-CORPUS-INSIGHT-20260217.md
[2026-02-17 10:02:31] [commander] ERROR: No objective found in /Users/home/Desktop/syncrescendence/-INBOX/commander/00-INBOX0/TASK-CORPUS-INSIGHT-20260217.md
[2026-02-17 10:03:01] [commander] ERROR: No objective found in /Users/home/Desktop/syncrescendence/-INBOX/commander/00-INBOX0/TASK-CORPUS-INSIGHT-20260217.md
[2026-02-17 10:03:31] [commander] ERROR: No objective found in /Users/home/Desktop/syncrescendence/-INBOX/commander/00-INBOX0/TASK-CORPUS-INSIGHT-20260217.md
[2026-02-17 10:04:02] [commander] ERROR: No objective found in /Users/home/Desktop/syncrescendence/-INBOX/commander/00-INBOX0/TASK-CORPUS-INSIGHT-20260217.md
[2026-02-17 10:04:32] [commander] ERROR: No objective found in /Users/home/Desktop/syncrescendence/-INBOX/commander/00-INBOX0/TASK-CORPUS-INSIGHT-20260217.md
[2026-02-17 10:05:02] [commander] ERROR: No objective found in /Users/home/Desktop/syncrescendence/-INBOX/commander/00-INBOX0/TASK-CORPUS-INSIGHT-20260217.md
[2026-02-17 10:05:33] [commander] ERROR: No objective found in /Users/home/Desktop/syncrescendence/-INBOX/commander/00-INBOX0/TASK-CORPUS-INSIGHT-20260217.md
[2026-02-17 10:06:03] [commander] ERROR: No objective found in /Users/home/Desktop/syncrescendence/-INBOX/commander/00-INBOX0/TASK-CORPUS-INSIGHT-20260217.md
[2026-02-17 10:06:33] [commander] ERROR: No objective found in /Users/home/Desktop/syncrescendence/-INBOX/commander/00-INBOX0/TASK-CORPUS-INSIGHT-20260217.md
[2026-02-17 10:07:04] [commander] ERROR: No objective found in /Users/home/Desktop/syncrescendence/-INBOX/commander/00-INBOX0/TASK-CORPUS-INSIGHT-20260217.md
[2026-02-17 10:07:34] [commander] ERROR: No objective found in /Users/home/Desktop/syncrescendence/-INBOX/commander/00-INBOX0/TASK-CORPUS-INSIGHT-20260217.md
[2026-02-17 10:08:04] [commander] ERROR: No objective found in /Users/home/Desktop/syncrescendence/-INBOX/commander/00-INBOX0/TASK-CORPUS-INSIGHT-20260217.md
[2026-02-17 10:08:34] [commander] ERROR: No objective found in /Users/home/Desktop/syncrescendence/-INBOX/commander/00-INBOX0/TASK-CORPUS-INSIGHT-20260217.md
[2026-02-17 10:09:05] [commander] ERROR: No objective found in /Users/home/Desktop/syncrescendence/-INBOX/commander/00-INBOX0/TASK-CORPUS-INSIGHT-20260217.md
[2026-02-17 10:09:35] [commander] ERROR: No objective found in /Users/home/Desktop/syncrescendence/-INBOX/commander/00-INBOX0/TASK-CORPUS-INSIGHT-20260217.md
[2026-02-17 10:10:05] [commander] ERROR: No objective found in /Users/home/Desktop/syncrescendence/-INBOX/commander/00-INBOX0/TASK-CORPUS-INSIGHT-20260217.md
[2026-02-17 10:10:36] [commander] ERROR: No objective found in /Users/home/Desktop/syncrescendence/-INBOX/commander/00-INBOX0/TASK-CORPUS-INSIGHT-20260217.md
[2026-02-17 10:11:06] [commander] ERROR: No objective found in /Users/home/Desktop/syncrescendence/-INBOX/commander/00-INBOX0/TASK-CORPUS-INSIGHT-20260217.md
[2026-02-17 10:11:36] [commander] ERROR: No objective found in /Users/home/Desktop/syncrescendence/-INBOX/commander/00-INBOX0/TASK-CORPUS-INSIGHT-20260217.md
[2026-02-17 10:12:06] [commander] ERROR: No objective found in /Users/home/Desktop/syncrescendence/-INBOX/commander/00-INBOX0/TASK-CORPUS-INSIGHT-20260217.md
[2026-02-17 10:12:37] [commander] ERROR: No objective found in /Users/home/Desktop/syncrescendence/-INBOX/commander/00-INBOX0/TASK-CORPUS-INSIGHT-20260217.md
[2026-02-17 10:13:07] [commander] ERROR: No objective found in /Users/home/Desktop/syncrescendence/-INBOX/commander/00-INBOX0/TASK-CORPUS-INSIGHT-20260217.md
[2026-02-17 10:13:37] [commander] ERROR: No objective found in /Users/home/Desktop/syncrescendence/-INBOX/commander/00-INBOX0/TASK-CORPUS-INSIGHT-20260217.md
[2026-02-17 10:14:08] [commander] ERROR: No objective found in /Users/home/Desktop/syncrescendence/-INBOX/commander/00-INBOX0/TASK-CORPUS-INSIGHT-20260217.md
[2026-02-17 10:14:38] [commander] ERROR: No objective found in /Users/home/Desktop/syncrescendence/-INBOX/commander/00-INBOX0/TASK-CORPUS-INSIGHT-20260217.md
[2026-02-17 10:15:08] [commander] ERROR: No objective found in /Users/home/Desktop/syncrescendence/-INBOX/commander/00-INBOX0/TASK-CORPUS-INSIGHT-20260217.md
[2026-02-17 10:15:39] [commander] ERROR: No objective found in /Users/home/Desktop/syncrescendence/-INBOX/commander/00-INBOX0/TASK-CORPUS-INSIGHT-20260217.md
[2026-02-17 10:16:09] [commander] ERROR: No objective found in /Users/home/Desktop/syncrescendence/-INBOX/commander/00-INBOX0/TASK-CORPUS-INSIGHT-20260217.md
[2026-02-17 10:16:39] [commander] ERROR: No objective found in /Users/home/Desktop/syncrescendence/-INBOX/commander/00-INBOX0/TASK-CORPUS-INSIGHT-20260217.md
[2026-02-17 10:17:09] [commander] ERROR: No objective found in /Users/home/Desktop/syncrescendence/-INBOX/commander/00-INBOX0/TASK-CORPUS-INSIGHT-20260217.md
[2026-02-17 10:17:40] [commander] ERROR: No objective found in /Users/home/Desktop/syncrescendence/-INBOX/commander/00-INBOX0/TASK-CORPUS-INSIGHT-20260217.md
[2026-02-17 10:18:10] [commander] ERROR: No objective found in /Users/home/Desktop/syncrescendence/-INBOX/commander/00-INBOX0/TASK-CORPUS-INSIGHT-20260217.md
[2026-02-17 10:18:40] [commander] ERROR: No objective found in /Users/home/Desktop/syncrescendence/-INBOX/commander/00-INBOX0/TASK-CORPUS-INSIGHT-20260217.md
[2026-02-17 10:19:11] [commander] ERROR: No objective found in /Users/home/Desktop/syncrescendence/-INBOX/commander/00-INBOX0/TASK-CORPUS-INSIGHT-20260217.md
[2026-02-17 10:19:41] [commander] ERROR: No objective found in /Users/home/Desktop/syncrescendence/-INBOX/commander/00-INBOX0/TASK-CORPUS-INSIGHT-20260217.md
[2026-02-17 10:20:11] [commander] ERROR: No objective found in /Users/home/Desktop/syncrescendence/-INBOX/commander/00-INBOX0/TASK-CORPUS-INSIGHT-20260217.md
[2026-02-17 10:20:41] [commander] ERROR: No objective found in /Users/home/Desktop/syncrescendence/-INBOX/commander/00-INBOX0/TASK-CORPUS-INSIGHT-20260217.md
[2026-02-17 10:21:12] [commander] ERROR: No objective found in /Users/home/Desktop/syncrescendence/-INBOX/commander/00-INBOX0/TASK-CORPUS-INSIGHT-20260217.md
[2026-02-17 10:21:42] [commander] ERROR: No objective found in /Users/home/Desktop/syncrescendence/-INBOX/commander/00-INBOX0/TASK-CORPUS-INSIGHT-20260217.md
[2026-02-17 10:22:12] [commander] ERROR: No objective found in /Users/home/Desktop/syncrescendence/-INBOX/commander/00-INBOX0/TASK-CORPUS-INSIGHT-20260217.md
[2026-02-17 10:22:43] [commander] ERROR: No objective found in /Users/home/Desktop/syncrescendence/-INBOX/commander/00-INBOX0/TASK-CORPUS-INSIGHT-20260217.md
[2026-02-17 10:23:13] [commander] ERROR: No objective found in /Users/home/Desktop/syncrescendence/-INBOX/commander/00-INBOX0/TASK-CORPUS-INSIGHT-20260217.md
[2026-02-17 10:23:43] [commander] ERROR: No objective found in /Users/home/Desktop/syncrescendence/-INBOX/commander/00-INBOX0/TASK-CORPUS-INSIGHT-20260217.md
[2026-02-17 10:24:14] [commander] ERROR: No objective found in /Users/home/Desktop/syncrescendence/-INBOX/commander/00-INBOX0/TASK-CORPUS-INSIGHT-20260217.md
[2026-02-17 10:24:45] [commander] ERROR: No objective found in /Users/home/Desktop/syncrescendence/-INBOX/commander/00-INBOX0/TASK-CORPUS-INSIGHT-20260217.md
[2026-02-17 10:25:15] [commander] ERROR: No objective found in /Users/home/Desktop/syncrescendence/-INBOX/commander/00-INBOX0/TASK-CORPUS-INSIGHT-20260217.md
[2026-02-17 10:25:45] [commander] ERROR: No objective found in /Users/home/Desktop/syncrescendence/-INBOX/commander/00-INBOX0/TASK-CORPUS-INSIGHT-20260217.md
[2026-02-17 10:26:15] [commander] ERROR: No objective found in /Users/home/Desktop/syncrescendence/-INBOX/commander/00-INBOX0/TASK-CORPUS-INSIGHT-20260217.md
[2026-02-17 10:26:46] [commander] ERROR: No objective found in /Users/home/Desktop/syncrescendence/-INBOX/commander/00-INBOX0/TASK-CORPUS-INSIGHT-20260217.md
[2026-02-17 10:27:16] [commander] ERROR: No objective found in /Users/home/Desktop/syncrescendence/-INBOX/commander/00-INBOX0/TASK-CORPUS-INSIGHT-20260217.md
[2026-02-17 10:27:46] [commander] ERROR: No objective found in /Users/home/Desktop/syncrescendence/-INBOX/commander/00-INBOX0/TASK-CORPUS-INSIGHT-20260217.md
[2026-02-17 10:28:17] [commander] ERROR: No objective found in /Users/home/Desktop/syncrescendence/-INBOX/commander/00-INBOX0/TASK-CORPUS-INSIGHT-20260217.md
[2026-02-17 10:28:47] [commander] ERROR: No objective found in /Users/home/Desktop/syncrescendence/-INBOX/commander/00-INBOX0/TASK-CORPUS-INSIGHT-20260217.md
[2026-02-17 10:29:17] [commander] ERROR: No objective found in /Users/home/Desktop/syncrescendence/-INBOX/commander/00-INBOX0/TASK-CORPUS-INSIGHT-20260217.md
[2026-02-17 10:29:48] [commander] ERROR: No objective found in /Users/home/Desktop/syncrescendence/-INBOX/commander/00-INBOX0/TASK-CORPUS-INSIGHT-20260217.md
[2026-02-17 10:30:18] [commander] ERROR: No objective found in /Users/home/Desktop/syncrescendence/-INBOX/commander/00-INBOX0/TASK-CORPUS-INSIGHT-20260217.md
[2026-02-17 10:30:48] [commander] ERROR: No objective found in /Users/home/Desktop/syncrescendence/-INBOX/commander/00-INBOX0/TASK-CORPUS-INSIGHT-20260217.md
[2026-02-17 10:31:18] [commander] ERROR: No objective found in /Users/home/Desktop/syncrescendence/-INBOX/commander/00-INBOX0/TASK-CORPUS-INSIGHT-20260217.md
[2026-02-17 10:31:49] [commander] ERROR: No objective found in /Users/home/Desktop/syncrescendence/-INBOX/commander/00-INBOX0/TASK-CORPUS-INSIGHT-20260217.md
[2026-02-17 10:32:19] [commander] ERROR: No objective found in /Users/home/Desktop/syncrescendence/-INBOX/commander/00-INBOX0/TASK-CORPUS-INSIGHT-20260217.md
[2026-02-17 10:32:49] [commander] ERROR: No objective found in /Users/home/Desktop/syncrescendence/-INBOX/commander/00-INBOX0/TASK-CORPUS-INSIGHT-20260217.md
[2026-02-17 10:33:20] [commander] ERROR: No objective found in /Users/home/Desktop/syncrescendence/-INBOX/commander/00-INBOX0/TASK-CORPUS-INSIGHT-20260217.md
[2026-02-17 10:33:50] [commander] ERROR: No objective found in /Users/home/Desktop/syncrescendence/-INBOX/commander/00-INBOX0/TASK-CORPUS-INSIGHT-20260217.md
[2026-02-17 10:34:21] [commander] ERROR: No objective found in /Users/home/Desktop/syncrescendence/-INBOX/commander/00-INBOX0/TASK-CORPUS-INSIGHT-20260217.md
[2026-02-17 10:34:51] [commander] ERROR: No objective found in /Users/home/Desktop/syncrescendence/-INBOX/commander/00-INBOX0/TASK-CORPUS-INSIGHT-20260217.md
[2026-02-17 10:35:21] [commander] ERROR: No objective found in /Users/home/Desktop/syncrescendence/-INBOX/commander/00-INBOX0/TASK-CORPUS-INSIGHT-20260217.md
[2026-02-17 10:35:51] [commander] ERROR: No objective found in /Users/home/Desktop/syncrescendence/-INBOX/commander/00-INBOX0/TASK-CORPUS-INSIGHT-20260217.md
[2026-02-17 10:36:22] [commander] ERROR: No objective found in /Users/home/Desktop/syncrescendence/-INBOX/commander/00-INBOX0/TASK-CORPUS-INSIGHT-20260217.md
[2026-02-17 10:36:52] [commander] ERROR: No objective found in /Users/home/Desktop/syncrescendence/-INBOX/commander/00-INBOX0/TASK-CORPUS-INSIGHT-20260217.md
[2026-02-17 10:37:22] [commander] ERROR: No objective found in /Users/home/Desktop/syncrescendence/-INBOX/commander/00-INBOX0/TASK-CORPUS-INSIGHT-20260217.md
[2026-02-17 10:37:53] [commander] ERROR: No objective found in /Users/home/Desktop/syncrescendence/-INBOX/commander/00-INBOX0/TASK-CORPUS-INSIGHT-20260217.md
[2026-02-17 10:38:23] [commander] ERROR: No objective found in /Users/home/Desktop/syncrescendence/-INBOX/commander/00-INBOX0/TASK-CORPUS-INSIGHT-20260217.md
[2026-02-17 10:38:53] [commander] ERROR: No objective found in /Users/home/Desktop/syncrescendence/-INBOX/commander/00-INBOX0/TASK-CORPUS-INSIGHT-20260217.md
[2026-02-17 10:39:24] [commander] ERROR: No objective found in /Users/home/Desktop/syncrescendence/-INBOX/commander/00-INBOX0/TASK-CORPUS-INSIGHT-20260217.md
[2026-02-17 10:39:54] [commander] ERROR: No objective found in /Users/home/Desktop/syncrescendence/-INBOX/commander/00-INBOX0/TASK-CORPUS-INSIGHT-20260217.md
[2026-02-17 10:40:24] [commander] ERROR: No objective found in /Users/home/Desktop/syncrescendence/-INBOX/commander/00-INBOX0/TASK-CORPUS-INSIGHT-20260217.md
[2026-02-17 10:40:55] [commander] ERROR: No objective found in /Users/home/Desktop/syncrescendence/-INBOX/commander/00-INBOX0/TASK-CORPUS-INSIGHT-20260217.md
[2026-02-17 10:41:25] [commander] ERROR: No objective found in /Users/home/Desktop/syncrescendence/-INBOX/commander/00-INBOX0/TASK-CORPUS-INSIGHT-20260217.md
[2026-02-17 10:41:55] [commander] ERROR: No objective found in /Users/home/Desktop/syncrescendence/-INBOX/commander/00-INBOX0/TASK-CORPUS-INSIGHT-20260217.md
[2026-02-17 10:42:25] [commander] ERROR: No objective found in /Users/home/Desktop/syncrescendence/-INBOX/commander/00-INBOX0/TASK-CORPUS-INSIGHT-20260217.md
[2026-02-17 10:42:56] [commander] ERROR: No objective found in /Users/home/Desktop/syncrescendence/-INBOX/commander/00-INBOX0/TASK-CORPUS-INSIGHT-20260217.md
[2026-02-17 10:43:26] [commander] ERROR: No objective found in /Users/home/Desktop/syncrescendence/-INBOX/commander/00-INBOX0/TASK-CORPUS-INSIGHT-20260217.md
[2026-02-17 10:43:56] [commander] ERROR: No objective found in /Users/home/Desktop/syncrescendence/-INBOX/commander/00-INBOX0/TASK-CORPUS-INSIGHT-20260217.md
[2026-02-17 10:44:27] [commander] ERROR: No objective found in /Users/home/Desktop/syncrescendence/-INBOX/commander/00-INBOX0/TASK-CORPUS-INSIGHT-20260217.md
[2026-02-17 10:44:57] [commander] ERROR: No objective found in /Users/home/Desktop/syncrescendence/-INBOX/commander/00-INBOX0/TASK-CORPUS-INSIGHT-20260217.md
[2026-02-17 10:45:27] [commander] ERROR: No objective found in /Users/home/Desktop/syncrescendence/-INBOX/commander/00-INBOX0/TASK-CORPUS-INSIGHT-20260217.md
[2026-02-17 10:45:58] [commander] ERROR: No objective found in /Users/home/Desktop/syncrescendence/-INBOX/commander/00-INBOX0/TASK-CORPUS-INSIGHT-20260217.md
[2026-02-17 10:46:28] [commander] ERROR: No objective found in /Users/home/Desktop/syncrescendence/-INBOX/commander/00-INBOX0/TASK-CORPUS-INSIGHT-20260217.md
[2026-02-17 10:46:58] [commander] ERROR: No objective found in /Users/home/Desktop/syncrescendence/-INBOX/commander/00-INBOX0/TASK-CORPUS-INSIGHT-20260217.md
[2026-02-17 10:47:29] [commander] ERROR: No objective found in /Users/home/Desktop/syncrescendence/-INBOX/commander/00-INBOX0/TASK-CORPUS-INSIGHT-20260217.md
[2026-02-17 10:47:59] [commander] ERROR: No objective found in /Users/home/Desktop/syncrescendence/-INBOX/commander/00-INBOX0/TASK-CORPUS-INSIGHT-20260217.md
[2026-02-17 10:48:29] [commander] ERROR: No objective found in /Users/home/Desktop/syncrescendence/-INBOX/commander/00-INBOX0/TASK-CORPUS-INSIGHT-20260217.md
[2026-02-17 10:49:00] [commander] ERROR: No objective found in /Users/home/Desktop/syncrescendence/-INBOX/commander/00-INBOX0/TASK-CORPUS-INSIGHT-20260217.md
[2026-02-17 10:49:30] [commander] ERROR: No objective found in /Users/home/Desktop/syncrescendence/-INBOX/commander/00-INBOX0/TASK-CORPUS-INSIGHT-20260217.md
[2026-02-17 10:50:00] [commander] ERROR: No objective found in /Users/home/Desktop/syncrescendence/-INBOX/commander/00-INBOX0/TASK-CORPUS-INSIGHT-20260217.md
[2026-02-17 10:50:31] [commander] ERROR: No objective found in /Users/home/Desktop/syncrescendence/-INBOX/commander/00-INBOX0/TASK-CORPUS-INSIGHT-20260217.md
[2026-02-17 10:51:01] [commander] ERROR: No objective found in /Users/home/Desktop/syncrescendence/-INBOX/commander/00-INBOX0/TASK-CORPUS-INSIGHT-20260217.md
[2026-02-17 10:51:31] [commander] ERROR: No objective found in /Users/home/Desktop/syncrescendence/-INBOX/commander/00-INBOX0/TASK-CORPUS-INSIGHT-20260217.md
[2026-02-17 10:52:01] [commander] ERROR: No objective found in /Users/home/Desktop/syncrescendence/-INBOX/commander/00-INBOX0/TASK-CORPUS-INSIGHT-20260217.md
[2026-02-17 10:52:32] [commander] ERROR: No objective found in /Users/home/Desktop/syncrescendence/-INBOX/commander/00-INBOX0/TASK-CORPUS-INSIGHT-20260217.md
[2026-02-17 10:53:02] [commander] ERROR: No objective found in /Users/home/Desktop/syncrescendence/-INBOX/commander/00-INBOX0/TASK-CORPUS-INSIGHT-20260217.md
[2026-02-17 10:53:32] [commander] ERROR: No objective found in /Users/home/Desktop/syncrescendence/-INBOX/commander/00-INBOX0/TASK-CORPUS-INSIGHT-20260217.md
[2026-02-17 10:54:03] [commander] ERROR: No objective found in /Users/home/Desktop/syncrescendence/-INBOX/commander/00-INBOX0/TASK-CORPUS-INSIGHT-20260217.md
[2026-02-17 10:54:33] [commander] ERROR: No objective found in /Users/home/Desktop/syncrescendence/-INBOX/commander/00-INBOX0/TASK-CORPUS-INSIGHT-20260217.md
[2026-02-17 10:55:03] [commander] ERROR: No objective found in /Users/home/Desktop/syncrescendence/-INBOX/commander/00-INBOX0/TASK-CORPUS-INSIGHT-20260217.md
[2026-02-17 10:55:34] [commander] ERROR: No objective found in /Users/home/Desktop/syncrescendence/-INBOX/commander/00-INBOX0/TASK-CORPUS-INSIGHT-20260217.md
[2026-02-17 10:56:04] [commander] ERROR: No objective found in /Users/home/Desktop/syncrescendence/-INBOX/commander/00-INBOX0/TASK-CORPUS-INSIGHT-20260217.md
[2026-02-17 10:56:34] [commander] ERROR: No objective found in /Users/home/Desktop/syncrescendence/-INBOX/commander/00-INBOX0/TASK-CORPUS-INSIGHT-20260217.md
[2026-02-17 10:57:04] [commander] ERROR: No objective found in /Users/home/Desktop/syncrescendence/-INBOX/commander/00-INBOX0/TASK-CORPUS-INSIGHT-20260217.md
[2026-02-17 10:57:35] [commander] ERROR: No objective found in /Users/home/Desktop/syncrescendence/-INBOX/commander/00-INBOX0/TASK-CORPUS-INSIGHT-20260217.md
[2026-02-17 10:58:05] [commander] ERROR: No objective found in /Users/home/Desktop/syncrescendence/-INBOX/commander/00-INBOX0/TASK-CORPUS-INSIGHT-20260217.md
[2026-02-17 10:58:35] [commander] ERROR: No objective found in /Users/home/Desktop/syncrescendence/-INBOX/commander/00-INBOX0/TASK-CORPUS-INSIGHT-20260217.md
[2026-02-17 10:59:06] [commander] ERROR: No objective found in /Users/home/Desktop/syncrescendence/-INBOX/commander/00-INBOX0/TASK-CORPUS-INSIGHT-20260217.md
[2026-02-17 10:59:36] [commander] ERROR: No objective found in /Users/home/Desktop/syncrescendence/-INBOX/commander/00-INBOX0/TASK-CORPUS-INSIGHT-20260217.md
[2026-02-17 11:00:07] [commander] ERROR: No objective found in /Users/home/Desktop/syncrescendence/-INBOX/commander/00-INBOX0/TASK-CORPUS-INSIGHT-20260217.md
[2026-02-17 11:00:38] [commander] ERROR: No objective found in /Users/home/Desktop/syncrescendence/-INBOX/commander/00-INBOX0/TASK-CORPUS-INSIGHT-20260217.md
[2026-02-17 11:01:08] [commander] ERROR: No objective found in /Users/home/Desktop/syncrescendence/-INBOX/commander/00-INBOX0/TASK-CORPUS-INSIGHT-20260217.md
[2026-02-17 11:01:38] [commander] ERROR: No objective found in /Users/home/Desktop/syncrescendence/-INBOX/commander/00-INBOX0/TASK-CORPUS-INSIGHT-20260217.md
[2026-02-17 11:02:09] [commander] ERROR: No objective found in /Users/home/Desktop/syncrescendence/-INBOX/commander/00-INBOX0/TASK-CORPUS-INSIGHT-20260217.md
[2026-02-17 11:02:39] [commander] ERROR: No objective found in /Users/home/Desktop/syncrescendence/-INBOX/commander/00-INBOX0/TASK-CORPUS-INSIGHT-20260217.md
[2026-02-17 11:03:09] [commander] ERROR: No objective found in /Users/home/Desktop/syncrescendence/-INBOX/commander/00-INBOX0/TASK-CORPUS-INSIGHT-20260217.md
[2026-02-17 11:03:40] [commander] ERROR: No objective found in /Users/home/Desktop/syncrescendence/-INBOX/commander/00-INBOX0/TASK-CORPUS-INSIGHT-20260217.md
[2026-02-17 11:04:10] [commander] ERROR: No objective found in /Users/home/Desktop/syncrescendence/-INBOX/commander/00-INBOX0/TASK-CORPUS-INSIGHT-20260217.md
[2026-02-17 11:04:41] [commander] ERROR: No objective found in /Users/home/Desktop/syncrescendence/-INBOX/commander/00-INBOX0/TASK-CORPUS-INSIGHT-20260217.md
[2026-02-17 11:05:11] [commander] ERROR: No objective found in /Users/home/Desktop/syncrescendence/-INBOX/commander/00-INBOX0/TASK-CORPUS-INSIGHT-20260217.md
[2026-02-17 11:05:42] [commander] ERROR: No objective found in /Users/home/Desktop/syncrescendence/-INBOX/commander/00-INBOX0/TASK-CORPUS-INSIGHT-20260217.md
[2026-02-17 11:06:13] [commander] ERROR: No objective found in /Users/home/Desktop/syncrescendence/-INBOX/commander/00-INBOX0/TASK-CORPUS-INSIGHT-20260217.md
[2026-02-17 11:06:43] [commander] ERROR: No objective found in /Users/home/Desktop/syncrescendence/-INBOX/commander/00-INBOX0/TASK-CORPUS-INSIGHT-20260217.md
[2026-02-17 11:07:13] [commander] ERROR: No objective found in /Users/home/Desktop/syncrescendence/-INBOX/commander/00-INBOX0/TASK-CORPUS-INSIGHT-20260217.md
[2026-02-17 11:07:44] [commander] ERROR: No objective found in /Users/home/Desktop/syncrescendence/-INBOX/commander/00-INBOX0/TASK-CORPUS-INSIGHT-20260217.md
[2026-02-17 11:08:14] [commander] ERROR: No objective found in /Users/home/Desktop/syncrescendence/-INBOX/commander/00-INBOX0/TASK-CORPUS-INSIGHT-20260217.md
[2026-02-17 11:08:45] [commander] ERROR: No objective found in /Users/home/Desktop/syncrescendence/-INBOX/commander/00-INBOX0/TASK-CORPUS-INSIGHT-20260217.md
[2026-02-17 11:09:15] [commander] ERROR: No objective found in /Users/home/Desktop/syncrescendence/-INBOX/commander/00-INBOX0/TASK-CORPUS-INSIGHT-20260217.md
[2026-02-17 11:09:45] [commander] ERROR: No objective found in /Users/home/Desktop/syncrescendence/-INBOX/commander/00-INBOX0/TASK-CORPUS-INSIGHT-20260217.md
[2026-02-17 11:10:15] [commander] ERROR: No objective found in /Users/home/Desktop/syncrescendence/-INBOX/commander/00-INBOX0/TASK-CORPUS-INSIGHT-20260217.md
[2026-02-17 11:10:46] [commander] ERROR: No objective found in /Users/home/Desktop/syncrescendence/-INBOX/commander/00-INBOX0/TASK-CORPUS-INSIGHT-20260217.md
[2026-02-17 11:11:17] [commander] ERROR: No objective found in /Users/home/Desktop/syncrescendence/-INBOX/commander/00-INBOX0/TASK-CORPUS-INSIGHT-20260217.md
[2026-02-17 11:11:47] [commander] ERROR: No objective found in /Users/home/Desktop/syncrescendence/-INBOX/commander/00-INBOX0/TASK-CORPUS-INSIGHT-20260217.md
[2026-02-17 11:12:17] [commander] ERROR: No objective found in /Users/home/Desktop/syncrescendence/-INBOX/commander/00-INBOX0/TASK-CORPUS-INSIGHT-20260217.md
[2026-02-17 11:12:48] [commander] ERROR: No objective found in /Users/home/Desktop/syncrescendence/-INBOX/commander/00-INBOX0/TASK-CORPUS-INSIGHT-20260217.md
[2026-02-17 11:13:18] [commander] ERROR: No objective found in /Users/home/Desktop/syncrescendence/-INBOX/commander/00-INBOX0/TASK-CORPUS-INSIGHT-20260217.md
[2026-02-17 11:13:48] [commander] ERROR: No objective found in /Users/home/Desktop/syncrescendence/-INBOX/commander/00-INBOX0/TASK-CORPUS-INSIGHT-20260217.md
[2026-02-17 11:14:19] [commander] ERROR: No objective found in /Users/home/Desktop/syncrescendence/-INBOX/commander/00-INBOX0/TASK-CORPUS-INSIGHT-20260217.md
[2026-02-17 11:14:49] [commander] ERROR: No objective found in /Users/home/Desktop/syncrescendence/-INBOX/commander/00-INBOX0/TASK-CORPUS-INSIGHT-20260217.md
[2026-02-17 11:15:19] [commander] ERROR: No objective found in /Users/home/Desktop/syncrescendence/-INBOX/commander/00-INBOX0/TASK-CORPUS-INSIGHT-20260217.md
[2026-02-17 11:15:50] [commander] ERROR: No objective found in /Users/home/Desktop/syncrescendence/-INBOX/commander/00-INBOX0/TASK-CORPUS-INSIGHT-20260217.md
[2026-02-17 11:16:20] [commander] ERROR: No objective found in /Users/home/Desktop/syncrescendence/-INBOX/commander/00-INBOX0/TASK-CORPUS-INSIGHT-20260217.md
[2026-02-17 11:16:51] [commander] ERROR: No objective found in /Users/home/Desktop/syncrescendence/-INBOX/commander/00-INBOX0/TASK-CORPUS-INSIGHT-20260217.md
[2026-02-17 11:17:21] [commander] ERROR: No objective found in /Users/home/Desktop/syncrescendence/-INBOX/commander/00-INBOX0/TASK-CORPUS-INSIGHT-20260217.md
[2026-02-17 11:17:51] [commander] ERROR: No objective found in /Users/home/Desktop/syncrescendence/-INBOX/commander/00-INBOX0/TASK-CORPUS-INSIGHT-20260217.md
[2026-02-17 11:18:22] [commander] ERROR: No objective found in /Users/home/Desktop/syncrescendence/-INBOX/commander/00-INBOX0/TASK-CORPUS-INSIGHT-20260217.md
[2026-02-17 11:18:53] [commander] ERROR: No objective found in /Users/home/Desktop/syncrescendence/-INBOX/commander/00-INBOX0/TASK-CORPUS-INSIGHT-20260217.md
[2026-02-17 11:19:23] [commander] ERROR: No objective found in /Users/home/Desktop/syncrescendence/-INBOX/commander/00-INBOX0/TASK-CORPUS-INSIGHT-20260217.md
[2026-02-17 11:19:53] [commander] ERROR: No objective found in /Users/home/Desktop/syncrescendence/-INBOX/commander/00-INBOX0/TASK-CORPUS-INSIGHT-20260217.md
[2026-02-17 11:20:24] [commander] ERROR: No objective found in /Users/home/Desktop/syncrescendence/-INBOX/commander/00-INBOX0/TASK-CORPUS-INSIGHT-20260217.md
[2026-02-17 11:20:54] [commander] ERROR: No objective found in /Users/home/Desktop/syncrescendence/-INBOX/commander/00-INBOX0/TASK-CORPUS-INSIGHT-20260217.md
