[2026-02-16 14:54:07] [adjudicator] === Starting auto-ingest loop ===
[2026-02-16 14:54:07] [adjudicator] Agent: adjudicator | Repo: /Users/home/Desktop/syncrescendence | Pane: constellation:1.5
[2026-02-16 14:54:07] [adjudicator] Dispatching: TASK-IIC-CONSOLIDATION
[2026-02-16 14:54:07] [adjudicator] ERROR: tmux pane constellation:1.5 not found — transient failure
[2026-02-16 14:54:07] [adjudicator] Dispatch failed: TASK-IIC-CONSOLIDATION — moving to FAILED
[2026-02-16 14:55:06] [adjudicator] Shutdown signal received, cleaning up
[2026-02-16 14:55:25] [adjudicator] === Starting auto-ingest loop ===
[2026-02-16 14:55:25] [adjudicator] Agent: adjudicator | Repo: /Users/home/Desktop/syncrescendence | Pane: constellation:1.5
[2026-02-16 14:55:25] [adjudicator] Dispatching: TASK-IIC-CONSOLIDATION
[2026-02-16 14:55:28] [adjudicator] Dispatched successfully: TASK-IIC-CONSOLIDATION
[2026-02-16 14:58:27] [adjudicator] Task completed: TASK-IIC-CONSOLIDATION (182s,    34825 bytes)
[2026-02-16 14:58:27] [adjudicator] Sent CONFIRM to commander
[2026-02-16 15:07:24] [adjudicator] Shutdown signal received, cleaning up
[2026-02-16 15:07:47] [adjudicator] === Starting auto-ingest loop ===
[2026-02-16 15:07:47] [adjudicator] Agent: adjudicator | Repo: /Users/home/Desktop/syncrescendence | Pane: constellation:1.5
[2026-02-16 15:30:35] [adjudicator] Task completed: TASK-20260216-zero_offline_adversarial_audit (315s,    17163 bytes)
[2026-02-16 15:30:35] [adjudicator] Sent CONFIRM to commander
[2026-02-16 15:36:42] [adjudicator] Task completed: TASK-20260216-zero_offline_adversarial_audit (682s,    17155 bytes)
[2026-02-16 15:36:42] [adjudicator] Sent CONFIRM to commander
[2026-02-16 15:40:53] [adjudicator] Task completed: TASK-20260216-zero_offline_adversarial_audit (933s,    17155 bytes)
[2026-02-16 15:40:53] [adjudicator] Sent CONFIRM to commander
[2026-02-16 16:01:32] [adjudicator] Dispatching: TASK-20260216-resilience_adversarial_assessment
[2026-02-16 16:01:34] [adjudicator] Dispatched successfully: TASK-20260216-resilience_adversarial_assessment
[2026-02-16 16:05:31] [adjudicator] Task completed: TASK-20260216-resilience_adversarial_assessment (239s,    13230 bytes)
[2026-02-16 16:05:31] [adjudicator] WARN: Could not move to DONE (file may already be moved)
[2026-02-16 16:05:31] [adjudicator] Sent CONFIRM to commander
[2026-02-16 16:05:36] [adjudicator] Dispatching: TASK-20260211-ontology_enrichment_validation
[2026-02-16 16:05:39] [adjudicator] Dispatched successfully: TASK-20260211-ontology_enrichment_validation
[2026-02-16 16:06:09] [adjudicator] Task completed: TASK-20260211-ontology_enrichment_validation (33s,     2914 bytes)
[2026-02-16 16:06:09] [adjudicator] Sent CONFIRM to commander
[2026-02-16 16:06:14] [adjudicator] Dispatching: TASK-20260216-resilience_adversarial_assessment
[2026-02-16 16:06:16] [adjudicator] Dispatched successfully: TASK-20260216-resilience_adversarial_assessment
[2026-02-16 16:06:47] [adjudicator] Task completed: TASK-20260216-resilience_adversarial_assessment (33s,    13230 bytes)
[2026-02-16 16:06:47] [adjudicator] Sent CONFIRM to commander
[2026-02-16 17:08:57] [adjudicator] === Starting auto-ingest loop ===
[2026-02-16 17:08:57] [adjudicator] Agent: adjudicator | Repo: /Users/home/Desktop/syncrescendence | Pane: constellation:1.7
[2026-02-16 17:08:57] [adjudicator] Shutdown signal received, cleaning up
[2026-02-16 17:09:47] [adjudicator] === Starting auto-ingest loop ===
[2026-02-16 17:09:47] [adjudicator] Agent: adjudicator | Repo: /Users/home/Desktop/syncrescendence | Pane: constellation:1.5
[2026-02-16 17:32:48] [adjudicator] Shutdown signal received, cleaning up
[2026-02-16 17:33:59] [adjudicator] === Starting auto-ingest loop ===
[2026-02-16 17:33:59] [adjudicator] Agent: adjudicator | Repo: /Users/home/Desktop/syncrescendence | Pane: constellation:1.5
[2026-02-16 17:33:59] [adjudicator] Shutdown signal received, cleaning up
[2026-02-16 17:34:59] [adjudicator] === Starting auto-ingest loop ===
[2026-02-16 17:34:59] [adjudicator] Agent: adjudicator | Repo: /Users/home/Desktop/syncrescendence | Pane: constellation:1.5
[2026-02-16 17:34:59] [adjudicator] Shutdown signal received, cleaning up
[2026-02-16 17:35:59] [adjudicator] === Starting auto-ingest loop ===
[2026-02-16 17:35:59] [adjudicator] Agent: adjudicator | Repo: /Users/home/Desktop/syncrescendence | Pane: constellation:1.5
[2026-02-16 17:35:59] [adjudicator] Shutdown signal received, cleaning up
[2026-02-16 17:36:59] [adjudicator] === Starting auto-ingest loop ===
[2026-02-16 17:36:59] [adjudicator] Agent: adjudicator | Repo: /Users/home/Desktop/syncrescendence | Pane: constellation:1.5
[2026-02-16 17:36:59] [adjudicator] Shutdown signal received, cleaning up
[2026-02-16 17:37:59] [adjudicator] === Starting auto-ingest loop ===
[2026-02-16 17:37:59] [adjudicator] Agent: adjudicator | Repo: /Users/home/Desktop/syncrescendence | Pane: constellation:1.5
[2026-02-16 17:37:59] [adjudicator] Shutdown signal received, cleaning up
[2026-02-16 17:38:59] [adjudicator] === Starting auto-ingest loop ===
[2026-02-16 17:38:59] [adjudicator] Agent: adjudicator | Repo: /Users/home/Desktop/syncrescendence | Pane: constellation:1.5
[2026-02-16 17:39:10] [adjudicator] Shutdown signal received, cleaning up
[2026-02-16 17:39:13] [adjudicator] === Starting auto-ingest loop ===
[2026-02-16 17:39:13] [adjudicator] Agent: adjudicator | Repo: /Users/home/Desktop/syncrescendence | Pane: constellation:1.5
[2026-02-16 17:39:43] [adjudicator] Shutdown signal received, cleaning up
[2026-02-16 17:39:58] [adjudicator] === Starting auto-ingest loop ===
[2026-02-16 17:39:58] [adjudicator] Agent: adjudicator | Repo: /Users/home/Desktop/syncrescendence | Pane: constellation:1.5
[2026-02-16 17:58:49] [adjudicator] Shutdown signal received, cleaning up
[2026-02-16 18:00:31] [adjudicator] === Starting auto-ingest loop ===
[2026-02-16 18:00:31] [adjudicator] Agent: adjudicator | Repo: /Users/home/Desktop/syncrescendence | Pane: constellation:1.5
[2026-02-16 18:48:40] [adjudicator] Shutdown signal received, cleaning up
[2026-02-16 18:48:47] [adjudicator] === Starting auto-ingest loop ===
[2026-02-16 18:48:47] [adjudicator] Agent: adjudicator | Repo: /Users/home/Desktop/syncrescendence | Pane: constellation:1.5
[2026-02-16 18:49:17] [adjudicator] Shutdown signal received, cleaning up
[2026-02-16 18:49:42] [adjudicator] === Starting auto-ingest loop ===
[2026-02-16 18:49:42] [adjudicator] Agent: adjudicator | Repo: /Users/home/Desktop/syncrescendence | Pane: constellation:1.5
[2026-02-16 18:58:45] [adjudicator] Shutdown signal received, cleaning up
[2026-02-16 18:59:24] [adjudicator] === Starting auto-ingest loop ===
[2026-02-16 18:59:24] [adjudicator] Agent: adjudicator | Repo: /Users/home/Desktop/syncrescendence | Pane: constellation:1.5
[2026-02-16 19:07:55] [adjudicator] Shutdown signal received, cleaning up
[2026-02-16 19:08:04] [adjudicator] === Starting auto-ingest loop ===
[2026-02-16 19:08:06] [adjudicator] Agent: adjudicator | Repo: /Users/home/Desktop/syncrescendence | Pane: constellation:1.5
[2026-02-16 19:08:12] [adjudicator] Shutdown signal received, cleaning up
[2026-02-16 19:08:27] [adjudicator] === Starting auto-ingest loop ===
[2026-02-16 19:08:27] [adjudicator] Agent: adjudicator | Repo: /Users/home/Desktop/syncrescendence | Pane: constellation:1.5
[2026-02-16 19:08:58] [adjudicator] Shutdown signal received, cleaning up
[2026-02-16 19:20:41] [adjudicator] === Starting auto-ingest loop ===
[2026-02-16 19:20:41] [adjudicator] Agent: adjudicator | Repo: /Users/home/Desktop/syncrescendence | Pane: constellation:1.5
[2026-02-16 19:20:58] [adjudicator] Shutdown signal received, cleaning up
[2026-02-16 19:21:02] [adjudicator] === Starting auto-ingest loop ===
[2026-02-16 19:21:02] [adjudicator] Agent: adjudicator | Repo: /Users/home/Desktop/syncrescendence | Pane: constellation:1.5
[2026-02-16 19:22:03] [adjudicator] Shutdown signal received, cleaning up
[2026-02-16 19:22:05] [adjudicator] === Starting auto-ingest loop ===
[2026-02-16 19:22:05] [adjudicator] Agent: adjudicator | Repo: /Users/home/Desktop/syncrescendence | Pane: constellation:1.5
[2026-02-16 19:23:06] [adjudicator] Shutdown signal received, cleaning up
[2026-02-16 19:23:06] [adjudicator] === Starting auto-ingest loop ===
[2026-02-16 19:23:06] [adjudicator] Agent: adjudicator | Repo: /Users/home/Desktop/syncrescendence | Pane: constellation:1.5
[2026-02-16 19:23:31] [adjudicator] Shutdown signal received, cleaning up
[2026-02-16 19:23:32] [adjudicator] === Starting auto-ingest loop ===
[2026-02-16 19:23:32] [adjudicator] Agent: adjudicator | Repo: /Users/home/Desktop/syncrescendence | Pane: constellation:1.5
[2026-02-16 20:03:13] [adjudicator] Dispatching: TASK-20260217-torture_retest
[2026-02-16 20:03:13] [adjudicator] Rate limit detected, waiting 60s (retry 1/10)...
[2026-02-16 20:04:13] [adjudicator] Rate limit detected, waiting 60s (retry 2/10)...
[2026-02-16 20:05:13] [adjudicator] Rate limit detected, waiting 60s (retry 3/10)...
[2026-02-16 20:06:14] [adjudicator] Rate limit detected, waiting 60s (retry 4/10)...
[2026-02-16 20:07:14] [adjudicator] Rate limit detected, waiting 60s (retry 5/10)...
[2026-02-16 20:08:14] [adjudicator] Rate limit detected, waiting 60s (retry 6/10)...
[2026-02-16 20:09:14] [adjudicator] Rate limit detected, waiting 60s (retry 7/10)...
[2026-02-16 20:10:14] [adjudicator] Rate limit detected, waiting 60s (retry 8/10)...
[2026-02-16 20:11:15] [adjudicator] Rate limit detected, waiting 60s (retry 9/10)...
[2026-02-16 20:12:15] [adjudicator] Rate limit detected, waiting 60s (retry 10/10)...
[2026-02-16 20:13:15] [adjudicator] ERROR: Rate limit persists after 10 retries (10 min)
[2026-02-16 20:13:15] [adjudicator] Dispatch failed: TASK-20260217-torture_retest — moving to FAILED
[2026-02-16 20:14:05] [adjudicator] Shutdown signal received, cleaning up
[2026-02-16 20:14:05] [adjudicator] === Starting auto-ingest loop ===
[2026-02-16 20:14:05] [adjudicator] Agent: adjudicator | Repo: /Users/home/Desktop/syncrescendence | Pane: constellation:1.5
[2026-02-16 20:17:07] [adjudicator] Shutdown signal received, cleaning up
[2026-02-16 20:17:08] [adjudicator] === Starting auto-ingest loop ===
[2026-02-16 20:17:08] [adjudicator] Agent: adjudicator | Repo: /Users/home/Desktop/syncrescendence | Pane: constellation:1.5
[2026-02-16 20:17:39] [adjudicator] Shutdown signal received, cleaning up
[2026-02-16 20:17:39] [adjudicator] === Starting auto-ingest loop ===
[2026-02-16 20:17:39] [adjudicator] Agent: adjudicator | Repo: /Users/home/Desktop/syncrescendence | Pane: constellation:1.5
[2026-02-16 21:54:17] [adjudicator] Dispatching: TASK-20260217-neural_bridge_adversarial_audit_v2
[2026-02-16 21:54:20] [adjudicator] Dispatched successfully: TASK-20260217-neural_bridge_adversarial_audit_v2
[2026-02-16 22:17:27] [adjudicator] Task completed: TASK-20260217-neural_bridge_adversarial_audit_v2 (1390s,    29240 bytes)
[2026-02-16 22:17:27] [adjudicator] Sent CONFIRM to commander
[2026-02-16 22:38:06] [adjudicator] Shutdown signal received, cleaning up
[2026-02-16 22:38:06] [adjudicator] === Starting auto-ingest loop ===
[2026-02-16 22:38:06] [adjudicator] Agent: adjudicator | Repo: /Users/home/Desktop/syncrescendence | Pane: constellation:1.5
[2026-02-16 22:39:44] [adjudicator] Shutdown signal received, cleaning up
[2026-02-16 22:39:44] [adjudicator] === Starting auto-ingest loop ===
[2026-02-16 22:39:44] [adjudicator] Agent: adjudicator | Repo: /Users/home/Desktop/syncrescendence | Pane: constellation:1.5
[2026-02-16 22:42:16] [adjudicator] Shutdown signal received, cleaning up
[2026-02-16 22:42:16] [adjudicator] === Starting auto-ingest loop ===
[2026-02-16 22:42:16] [adjudicator] Agent: adjudicator | Repo: /Users/home/Desktop/syncrescendence | Pane: constellation:1.5
[2026-02-16 22:47:44] [adjudicator] Shutdown signal received, cleaning up
[2026-02-16 22:48:02] [adjudicator] === Starting auto-ingest loop ===
[2026-02-16 22:48:02] [adjudicator] Agent: adjudicator | Repo: /Users/home/Desktop/syncrescendence | Pane: constellation:1.5
[2026-02-16 22:48:02] [adjudicator] Neural Bridge env: AJNA=macbook-air CMD=local ADJ=local CART=local PSY=local
[2026-02-16 22:48:17] [adjudicator] Shutdown signal received, cleaning up
[2026-02-16 22:48:18] [adjudicator] === Starting auto-ingest loop ===
[2026-02-16 22:48:18] [adjudicator] Agent: adjudicator | Repo: /Users/home/Desktop/syncrescendence | Pane: constellation:1.5
[2026-02-16 22:48:18] [adjudicator] Neural Bridge env: AJNA=macbook-air CMD=local ADJ=local CART=local PSY=local
[2026-02-16 22:48:56] [adjudicator] Shutdown signal received, cleaning up
[2026-02-16 22:48:57] [adjudicator] === Starting auto-ingest loop ===
[2026-02-16 22:48:57] [adjudicator] Agent: adjudicator | Repo: /Users/home/Desktop/syncrescendence | Pane: constellation:1.5
[2026-02-16 22:48:57] [adjudicator] Neural Bridge env: AJNA=macbook-air CMD=local ADJ=local CART=local PSY=local
[2026-02-16 22:50:43] [adjudicator] Shutdown signal received, cleaning up
[2026-02-16 22:50:45] [adjudicator] === Starting auto-ingest loop ===
[2026-02-16 22:50:45] [adjudicator] Agent: adjudicator | Repo: /Users/home/Desktop/syncrescendence | Pane: constellation:1.5
[2026-02-16 22:50:45] [adjudicator] Neural Bridge env: AJNA=macbook-air CMD=local ADJ=local CART=local PSY=local
[2026-02-17 07:14:48] [adjudicator] Dispatching: TASK-20260217-e2e_scp_back_test
[2026-02-17 07:14:50] [adjudicator] Dispatched successfully: TASK-20260217-e2e_scp_back_test
[2026-02-17 07:16:53] [adjudicator] Task completed: TASK-20260217-e2e_scp_back_test (125s,     3062 bytes)
[2026-02-17 07:16:53] [adjudicator] Sent CONFIRM to commander
[2026-02-17 07:18:05] [adjudicator] Shutdown signal received, cleaning up
[2026-02-17 07:18:05] [adjudicator] === Starting auto-ingest loop ===
[2026-02-17 07:18:05] [adjudicator] Agent: adjudicator | Repo: /Users/home/Desktop/syncrescendence | Pane: constellation:1.5
[2026-02-17 07:18:05] [adjudicator] Neural Bridge env: AJNA=macbook-air CMD=local ADJ=local CART=local PSY=local
[2026-02-17 16:56:45] [adjudicator] Shutdown signal received, cleaning up
[2026-02-17 18:13:53] [adjudicator] === Starting auto-ingest loop ===
[2026-02-17 18:13:53] [adjudicator] Agent: adjudicator | Repo: /Users/home/Desktop/syncrescendence | Pane: constellation:1.5
[2026-02-17 18:13:54] [adjudicator] Neural Bridge env: AJNA=macbook-air CMD=local ADJ=local CART=local PSY=local
[2026-02-17 18:13:55] [adjudicator] INTEGRITY_GUARD: fail-closed active for this cycle
[2026-02-17 18:13:55] [adjudicator] WRITE_GUARD: dispatch paused (integrity or breaker)
[2026-02-17 18:14:25] [adjudicator] WRITE_GUARD: dispatch paused (integrity or breaker)
[2026-02-17 18:14:55] [adjudicator] WRITE_GUARD: dispatch paused (integrity or breaker)
[2026-02-17 18:15:25] [adjudicator] WRITE_GUARD: dispatch paused (integrity or breaker)
[2026-02-17 18:15:56] [adjudicator] INTEGRITY_GUARD: fail-closed active for this cycle
[2026-02-17 18:15:56] [adjudicator] WRITE_GUARD: dispatch paused (integrity or breaker)
[2026-02-17 18:16:26] [adjudicator] WRITE_GUARD: dispatch paused (integrity or breaker)
[2026-02-17 18:16:56] [adjudicator] WRITE_GUARD: dispatch paused (integrity or breaker)
[2026-02-17 18:17:26] [adjudicator] WRITE_GUARD: dispatch paused (integrity or breaker)
[2026-02-17 18:17:57] [adjudicator] INTEGRITY_GUARD: fail-closed active for this cycle
[2026-02-17 18:17:57] [adjudicator] WRITE_GUARD: dispatch paused (integrity or breaker)
[2026-02-17 18:18:27] [adjudicator] WRITE_GUARD: dispatch paused (integrity or breaker)
[2026-02-17 18:18:57] [adjudicator] WRITE_GUARD: dispatch paused (integrity or breaker)
[2026-02-17 18:19:27] [adjudicator] WRITE_GUARD: dispatch paused (integrity or breaker)
[2026-02-17 18:19:57] [adjudicator] INTEGRITY_GUARD: fail-closed active for this cycle
[2026-02-17 18:19:57] [adjudicator] WRITE_GUARD: dispatch paused (integrity or breaker)
[2026-02-17 18:20:28] [adjudicator] WRITE_GUARD: dispatch paused (integrity or breaker)
[2026-02-17 18:20:58] [adjudicator] WRITE_GUARD: dispatch paused (integrity or breaker)
[2026-02-17 18:21:28] [adjudicator] WRITE_GUARD: dispatch paused (integrity or breaker)
[2026-02-17 18:21:58] [adjudicator] INTEGRITY_GUARD: fail-closed active for this cycle
[2026-02-17 18:21:58] [adjudicator] WRITE_GUARD: dispatch paused (integrity or breaker)
[2026-02-17 18:22:28] [adjudicator] WRITE_GUARD: dispatch paused (integrity or breaker)
[2026-02-17 18:22:58] [adjudicator] WRITE_GUARD: dispatch paused (integrity or breaker)
[2026-02-17 18:23:29] [adjudicator] WRITE_GUARD: dispatch paused (integrity or breaker)
[2026-02-17 18:23:59] [adjudicator] WRITE_GUARD: dispatch paused (integrity or breaker)
[2026-02-17 18:23:59] [adjudicator] BREAKER_OPEN: retry scan skipped
[2026-02-17 18:24:29] [adjudicator] WRITE_GUARD: dispatch paused (integrity or breaker)
[2026-02-17 18:24:59] [adjudicator] WRITE_GUARD: dispatch paused (integrity or breaker)
[2026-02-17 18:24:59] [adjudicator] BREAKER_OPEN: retry scan skipped
[2026-02-17 18:25:30] [adjudicator] WRITE_GUARD: dispatch paused (integrity or breaker)
[2026-02-17 18:26:00] [adjudicator] INTEGRITY_GUARD: fail-closed active for this cycle
[2026-02-17 18:26:00] [adjudicator] WRITE_GUARD: dispatch paused (integrity or breaker)
[2026-02-17 18:26:30] [adjudicator] WRITE_GUARD: dispatch paused (integrity or breaker)
[2026-02-17 18:27:00] [adjudicator] WRITE_GUARD: dispatch paused (integrity or breaker)
[2026-02-17 18:27:30] [adjudicator] WRITE_GUARD: dispatch paused (integrity or breaker)
[2026-02-17 18:28:01] [adjudicator] INTEGRITY_GUARD: fail-closed active for this cycle
[2026-02-17 18:28:01] [adjudicator] WRITE_GUARD: dispatch paused (integrity or breaker)
[2026-02-17 18:28:31] [adjudicator] WRITE_GUARD: dispatch paused (integrity or breaker)
[2026-02-17 18:29:01] [adjudicator] WRITE_GUARD: dispatch paused (integrity or breaker)
[2026-02-17 18:29:31] [adjudicator] WRITE_GUARD: dispatch paused (integrity or breaker)
[2026-02-17 18:30:01] [adjudicator] INTEGRITY_GUARD: fail-closed active for this cycle
[2026-02-17 18:30:01] [adjudicator] WRITE_GUARD: dispatch paused (integrity or breaker)
[2026-02-17 18:30:32] [adjudicator] WRITE_GUARD: dispatch paused (integrity or breaker)
[2026-02-17 18:31:02] [adjudicator] WRITE_GUARD: dispatch paused (integrity or breaker)
[2026-02-17 18:31:32] [adjudicator] WRITE_GUARD: dispatch paused (integrity or breaker)
[2026-02-17 18:32:03] [adjudicator] INTEGRITY_GUARD: fail-closed active for this cycle
[2026-02-17 18:32:03] [adjudicator] WRITE_GUARD: dispatch paused (integrity or breaker)
[2026-02-17 18:32:33] [adjudicator] WRITE_GUARD: dispatch paused (integrity or breaker)
[2026-02-17 18:33:03] [adjudicator] WRITE_GUARD: dispatch paused (integrity or breaker)
[2026-02-17 18:33:33] [adjudicator] WRITE_GUARD: dispatch paused (integrity or breaker)
[2026-02-17 18:34:04] [adjudicator] INTEGRITY_GUARD: fail-closed active for this cycle
[2026-02-17 18:34:04] [adjudicator] WRITE_GUARD: dispatch paused (integrity or breaker)
[2026-02-17 18:34:34] [adjudicator] WRITE_GUARD: dispatch paused (integrity or breaker)
[2026-02-17 18:35:04] [adjudicator] WRITE_GUARD: dispatch paused (integrity or breaker)
[2026-02-17 18:35:34] [adjudicator] WRITE_GUARD: dispatch paused (integrity or breaker)
[2026-02-17 18:36:05] [adjudicator] INTEGRITY_GUARD: fail-closed active for this cycle
[2026-02-17 18:36:05] [adjudicator] WRITE_GUARD: dispatch paused (integrity or breaker)
[2026-02-17 18:36:35] [adjudicator] WRITE_GUARD: dispatch paused (integrity or breaker)
[2026-02-17 18:37:05] [adjudicator] WRITE_GUARD: dispatch paused (integrity or breaker)
[2026-02-17 18:37:35] [adjudicator] WRITE_GUARD: dispatch paused (integrity or breaker)
[2026-02-17 18:38:06] [adjudicator] INTEGRITY_GUARD: fail-closed active for this cycle
[2026-02-17 18:38:06] [adjudicator] WRITE_GUARD: dispatch paused (integrity or breaker)
[2026-02-17 18:38:36] [adjudicator] WRITE_GUARD: dispatch paused (integrity or breaker)
[2026-02-17 18:39:08] [adjudicator] WRITE_GUARD: dispatch paused (integrity or breaker)
[2026-02-17 18:39:39] [adjudicator] WRITE_GUARD: dispatch paused (integrity or breaker)
[2026-02-17 18:40:11] [adjudicator] INTEGRITY_GUARD: fail-closed active for this cycle
[2026-02-17 18:40:11] [adjudicator] WRITE_GUARD: dispatch paused (integrity or breaker)
[2026-02-17 18:40:41] [adjudicator] WRITE_GUARD: dispatch paused (integrity or breaker)
[2026-02-17 18:41:11] [adjudicator] WRITE_GUARD: dispatch paused (integrity or breaker)
[2026-02-17 18:41:42] [adjudicator] WRITE_GUARD: dispatch paused (integrity or breaker)
[2026-02-17 18:42:12] [adjudicator] INTEGRITY_GUARD: fail-closed active for this cycle
[2026-02-17 18:42:12] [adjudicator] WRITE_GUARD: dispatch paused (integrity or breaker)
[2026-02-17 18:42:42] [adjudicator] WRITE_GUARD: dispatch paused (integrity or breaker)
[2026-02-17 18:43:12] [adjudicator] WRITE_GUARD: dispatch paused (integrity or breaker)
[2026-02-17 18:43:43] [adjudicator] WRITE_GUARD: dispatch paused (integrity or breaker)
[2026-02-17 18:44:13] [adjudicator] INTEGRITY_GUARD: fail-closed active for this cycle
[2026-02-17 18:44:13] [adjudicator] WRITE_GUARD: dispatch paused (integrity or breaker)
[2026-02-17 18:44:43] [adjudicator] WRITE_GUARD: dispatch paused (integrity or breaker)
[2026-02-17 18:45:13] [adjudicator] WRITE_GUARD: dispatch paused (integrity or breaker)
[2026-02-17 18:45:44] [adjudicator] WRITE_GUARD: dispatch paused (integrity or breaker)
[2026-02-17 18:46:15] [adjudicator] INTEGRITY_GUARD: fail-closed active for this cycle
[2026-02-17 18:46:15] [adjudicator] WRITE_GUARD: dispatch paused (integrity or breaker)
[2026-02-17 18:46:45] [adjudicator] WRITE_GUARD: dispatch paused (integrity or breaker)
[2026-02-17 18:47:16] [adjudicator] WRITE_GUARD: dispatch paused (integrity or breaker)
[2026-02-17 18:47:46] [adjudicator] WRITE_GUARD: dispatch paused (integrity or breaker)
[2026-02-17 18:48:17] [adjudicator] INTEGRITY_GUARD: fail-closed active for this cycle
[2026-02-17 18:48:17] [adjudicator] WRITE_GUARD: dispatch paused (integrity or breaker)
[2026-02-17 18:48:47] [adjudicator] WRITE_GUARD: dispatch paused (integrity or breaker)
[2026-02-17 18:49:17] [adjudicator] WRITE_GUARD: dispatch paused (integrity or breaker)
[2026-02-17 18:49:48] [adjudicator] WRITE_GUARD: dispatch paused (integrity or breaker)
[2026-02-17 18:50:18] [adjudicator] INTEGRITY_GUARD: fail-closed active for this cycle
[2026-02-17 18:50:18] [adjudicator] WRITE_GUARD: dispatch paused (integrity or breaker)
[2026-02-17 18:50:48] [adjudicator] WRITE_GUARD: dispatch paused (integrity or breaker)
[2026-02-17 18:51:19] [adjudicator] WRITE_GUARD: dispatch paused (integrity or breaker)
[2026-02-17 18:51:49] [adjudicator] WRITE_GUARD: dispatch paused (integrity or breaker)
[2026-02-17 18:52:19] [adjudicator] INTEGRITY_GUARD: fail-closed active for this cycle
[2026-02-17 18:52:19] [adjudicator] WRITE_GUARD: dispatch paused (integrity or breaker)
[2026-02-17 18:52:50] [adjudicator] WRITE_GUARD: dispatch paused (integrity or breaker)
[2026-02-17 18:53:21] [adjudicator] WRITE_GUARD: dispatch paused (integrity or breaker)
[2026-02-17 18:53:51] [adjudicator] WRITE_GUARD: dispatch paused (integrity or breaker)
[2026-02-17 18:54:21] [adjudicator] INTEGRITY_GUARD: fail-closed active for this cycle
[2026-02-17 18:54:21] [adjudicator] WRITE_GUARD: dispatch paused (integrity or breaker)
[2026-02-17 18:54:51] [adjudicator] WRITE_GUARD: dispatch paused (integrity or breaker)
[2026-02-17 18:55:22] [adjudicator] WRITE_GUARD: dispatch paused (integrity or breaker)
[2026-02-17 18:55:52] [adjudicator] WRITE_GUARD: dispatch paused (integrity or breaker)
[2026-02-17 18:56:22] [adjudicator] INTEGRITY_GUARD: fail-closed active for this cycle
[2026-02-17 18:56:22] [adjudicator] WRITE_GUARD: dispatch paused (integrity or breaker)
[2026-02-17 18:56:52] [adjudicator] WRITE_GUARD: dispatch paused (integrity or breaker)
[2026-02-17 18:57:23] [adjudicator] WRITE_GUARD: dispatch paused (integrity or breaker)
[2026-02-17 18:57:53] [adjudicator] WRITE_GUARD: dispatch paused (integrity or breaker)
[2026-02-17 18:58:23] [adjudicator] INTEGRITY_GUARD: fail-closed active for this cycle
[2026-02-17 18:58:23] [adjudicator] WRITE_GUARD: dispatch paused (integrity or breaker)
[2026-02-17 18:58:53] [adjudicator] WRITE_GUARD: dispatch paused (integrity or breaker)
[2026-02-17 18:59:24] [adjudicator] WRITE_GUARD: dispatch paused (integrity or breaker)
[2026-02-17 18:59:54] [adjudicator] WRITE_GUARD: dispatch paused (integrity or breaker)
[2026-02-17 19:00:24] [adjudicator] INTEGRITY_GUARD: fail-closed active for this cycle
[2026-02-17 19:00:24] [adjudicator] WRITE_GUARD: dispatch paused (integrity or breaker)
[2026-02-17 19:00:54] [adjudicator] WRITE_GUARD: dispatch paused (integrity or breaker)
[2026-02-17 19:01:25] [adjudicator] WRITE_GUARD: dispatch paused (integrity or breaker)
[2026-02-17 19:01:55] [adjudicator] WRITE_GUARD: dispatch paused (integrity or breaker)
[2026-02-17 19:02:26] [adjudicator] INTEGRITY_GUARD: fail-closed active for this cycle
[2026-02-17 19:02:26] [adjudicator] WRITE_GUARD: dispatch paused (integrity or breaker)
[2026-02-17 19:02:56] [adjudicator] WRITE_GUARD: dispatch paused (integrity or breaker)
[2026-02-17 19:03:26] [adjudicator] WRITE_GUARD: dispatch paused (integrity or breaker)
[2026-02-17 19:03:56] [adjudicator] WRITE_GUARD: dispatch paused (integrity or breaker)
[2026-02-17 19:04:27] [adjudicator] INTEGRITY_GUARD: fail-closed active for this cycle
[2026-02-17 19:04:27] [adjudicator] WRITE_GUARD: dispatch paused (integrity or breaker)
[2026-02-17 19:04:57] [adjudicator] WRITE_GUARD: dispatch paused (integrity or breaker)
[2026-02-17 19:05:27] [adjudicator] WRITE_GUARD: dispatch paused (integrity or breaker)
[2026-02-17 19:05:57] [adjudicator] WRITE_GUARD: dispatch paused (integrity or breaker)
[2026-02-17 19:06:28] [adjudicator] INTEGRITY_GUARD: fail-closed active for this cycle
[2026-02-17 19:06:28] [adjudicator] WRITE_GUARD: dispatch paused (integrity or breaker)
[2026-02-17 19:06:58] [adjudicator] WRITE_GUARD: dispatch paused (integrity or breaker)
[2026-02-17 19:07:28] [adjudicator] WRITE_GUARD: dispatch paused (integrity or breaker)
[2026-02-17 19:07:58] [adjudicator] WRITE_GUARD: dispatch paused (integrity or breaker)
[2026-02-17 19:08:29] [adjudicator] INTEGRITY_GUARD: fail-closed active for this cycle
[2026-02-17 19:08:29] [adjudicator] WRITE_GUARD: dispatch paused (integrity or breaker)
[2026-02-17 19:08:59] [adjudicator] WRITE_GUARD: dispatch paused (integrity or breaker)
[2026-02-17 19:09:29] [adjudicator] WRITE_GUARD: dispatch paused (integrity or breaker)
[2026-02-17 19:09:59] [adjudicator] WRITE_GUARD: dispatch paused (integrity or breaker)
[2026-02-17 19:10:29] [adjudicator] INTEGRITY_GUARD: fail-closed active for this cycle
[2026-02-17 19:10:30] [adjudicator] WRITE_GUARD: dispatch paused (integrity or breaker)
[2026-02-17 19:11:00] [adjudicator] WRITE_GUARD: dispatch paused (integrity or breaker)
[2026-02-17 19:11:30] [adjudicator] WRITE_GUARD: dispatch paused (integrity or breaker)
[2026-02-17 19:12:00] [adjudicator] WRITE_GUARD: dispatch paused (integrity or breaker)
[2026-02-17 19:12:31] [adjudicator] INTEGRITY_GUARD: fail-closed active for this cycle
[2026-02-17 19:12:31] [adjudicator] WRITE_GUARD: dispatch paused (integrity or breaker)
[2026-02-17 19:13:01] [adjudicator] WRITE_GUARD: dispatch paused (integrity or breaker)
[2026-02-17 19:13:32] [adjudicator] WRITE_GUARD: dispatch paused (integrity or breaker)
[2026-02-17 19:14:02] [adjudicator] WRITE_GUARD: dispatch paused (integrity or breaker)
[2026-02-17 19:14:32] [adjudicator] INTEGRITY_GUARD: fail-closed active for this cycle
[2026-02-17 19:14:32] [adjudicator] WRITE_GUARD: dispatch paused (integrity or breaker)
[2026-02-17 19:15:02] [adjudicator] WRITE_GUARD: dispatch paused (integrity or breaker)
[2026-02-17 19:15:33] [adjudicator] WRITE_GUARD: dispatch paused (integrity or breaker)
[2026-02-17 19:16:03] [adjudicator] WRITE_GUARD: dispatch paused (integrity or breaker)
[2026-02-17 19:16:33] [adjudicator] INTEGRITY_GUARD: fail-closed active for this cycle
[2026-02-17 19:16:34] [adjudicator] WRITE_GUARD: dispatch paused (integrity or breaker)
[2026-02-17 19:17:04] [adjudicator] WRITE_GUARD: dispatch paused (integrity or breaker)
[2026-02-17 19:17:34] [adjudicator] WRITE_GUARD: dispatch paused (integrity or breaker)
[2026-02-17 19:18:04] [adjudicator] WRITE_GUARD: dispatch paused (integrity or breaker)
[2026-02-17 19:18:34] [adjudicator] INTEGRITY_GUARD: fail-closed active for this cycle
[2026-02-17 19:18:34] [adjudicator] WRITE_GUARD: dispatch paused (integrity or breaker)
[2026-02-17 19:19:05] [adjudicator] WRITE_GUARD: dispatch paused (integrity or breaker)
[2026-02-17 19:19:35] [adjudicator] WRITE_GUARD: dispatch paused (integrity or breaker)
[2026-02-17 19:20:06] [adjudicator] WRITE_GUARD: dispatch paused (integrity or breaker)
[2026-02-17 19:20:36] [adjudicator] INTEGRITY_GUARD: fail-closed active for this cycle
[2026-02-17 19:20:36] [adjudicator] WRITE_GUARD: dispatch paused (integrity or breaker)
[2026-02-17 19:21:06] [adjudicator] WRITE_GUARD: dispatch paused (integrity or breaker)
[2026-02-17 19:21:36] [adjudicator] WRITE_GUARD: dispatch paused (integrity or breaker)
[2026-02-17 19:22:07] [adjudicator] WRITE_GUARD: dispatch paused (integrity or breaker)
[2026-02-17 19:22:37] [adjudicator] INTEGRITY_GUARD: fail-closed active for this cycle
[2026-02-17 19:22:37] [adjudicator] WRITE_GUARD: dispatch paused (integrity or breaker)
[2026-02-17 19:23:07] [adjudicator] WRITE_GUARD: dispatch paused (integrity or breaker)
[2026-02-17 19:23:37] [adjudicator] WRITE_GUARD: dispatch paused (integrity or breaker)
[2026-02-17 19:24:08] [adjudicator] WRITE_GUARD: dispatch paused (integrity or breaker)
[2026-02-17 19:24:38] [adjudicator] INTEGRITY_GUARD: fail-closed active for this cycle
[2026-02-17 19:24:38] [adjudicator] WRITE_GUARD: dispatch paused (integrity or breaker)
[2026-02-17 19:25:08] [adjudicator] WRITE_GUARD: dispatch paused (integrity or breaker)
[2026-02-17 19:25:38] [adjudicator] WRITE_GUARD: dispatch paused (integrity or breaker)
[2026-02-17 19:26:09] [adjudicator] WRITE_GUARD: dispatch paused (integrity or breaker)
[2026-02-17 19:26:39] [adjudicator] INTEGRITY_GUARD: fail-closed active for this cycle
[2026-02-17 19:26:39] [adjudicator] WRITE_GUARD: dispatch paused (integrity or breaker)
[2026-02-17 19:27:09] [adjudicator] WRITE_GUARD: dispatch paused (integrity or breaker)
[2026-02-17 19:27:39] [adjudicator] WRITE_GUARD: dispatch paused (integrity or breaker)
[2026-02-17 19:28:10] [adjudicator] WRITE_GUARD: dispatch paused (integrity or breaker)
[2026-02-17 19:28:40] [adjudicator] INTEGRITY_GUARD: fail-closed active for this cycle
[2026-02-17 19:28:40] [adjudicator] WRITE_GUARD: dispatch paused (integrity or breaker)
[2026-02-17 19:29:11] [adjudicator] WRITE_GUARD: dispatch paused (integrity or breaker)
[2026-02-17 19:29:41] [adjudicator] WRITE_GUARD: dispatch paused (integrity or breaker)
[2026-02-17 19:30:12] [adjudicator] WRITE_GUARD: dispatch paused (integrity or breaker)
[2026-02-17 19:30:42] [adjudicator] INTEGRITY_GUARD: fail-closed active for this cycle
[2026-02-17 19:30:42] [adjudicator] WRITE_GUARD: dispatch paused (integrity or breaker)
[2026-02-17 19:31:12] [adjudicator] WRITE_GUARD: dispatch paused (integrity or breaker)
[2026-02-17 19:31:42] [adjudicator] WRITE_GUARD: dispatch paused (integrity or breaker)
[2026-02-17 19:32:13] [adjudicator] WRITE_GUARD: dispatch paused (integrity or breaker)
[2026-02-17 19:32:44] [adjudicator] INTEGRITY_GUARD: fail-closed active for this cycle
[2026-02-17 19:32:44] [adjudicator] WRITE_GUARD: dispatch paused (integrity or breaker)
[2026-02-17 19:33:14] [adjudicator] WRITE_GUARD: dispatch paused (integrity or breaker)
[2026-02-17 19:33:44] [adjudicator] WRITE_GUARD: dispatch paused (integrity or breaker)
[2026-02-17 19:34:15] [adjudicator] WRITE_GUARD: dispatch paused (integrity or breaker)
[2026-02-17 19:34:45] [adjudicator] INTEGRITY_GUARD: fail-closed active for this cycle
[2026-02-17 19:34:45] [adjudicator] WRITE_GUARD: dispatch paused (integrity or breaker)
[2026-02-17 19:35:15] [adjudicator] WRITE_GUARD: dispatch paused (integrity or breaker)
[2026-02-17 19:35:46] [adjudicator] WRITE_GUARD: dispatch paused (integrity or breaker)
[2026-02-17 19:36:16] [adjudicator] WRITE_GUARD: dispatch paused (integrity or breaker)
[2026-02-17 19:36:46] [adjudicator] INTEGRITY_GUARD: fail-closed active for this cycle
[2026-02-17 19:36:46] [adjudicator] WRITE_GUARD: dispatch paused (integrity or breaker)
[2026-02-17 19:37:16] [adjudicator] WRITE_GUARD: dispatch paused (integrity or breaker)
[2026-02-17 19:37:47] [adjudicator] WRITE_GUARD: dispatch paused (integrity or breaker)
[2026-02-17 19:38:17] [adjudicator] WRITE_GUARD: dispatch paused (integrity or breaker)
[2026-02-17 19:38:47] [adjudicator] INTEGRITY_GUARD: fail-closed active for this cycle
[2026-02-17 19:38:47] [adjudicator] WRITE_GUARD: dispatch paused (integrity or breaker)
[2026-02-17 19:39:18] [adjudicator] WRITE_GUARD: dispatch paused (integrity or breaker)
[2026-02-17 19:39:48] [adjudicator] WRITE_GUARD: dispatch paused (integrity or breaker)
[2026-02-17 19:40:18] [adjudicator] WRITE_GUARD: dispatch paused (integrity or breaker)
[2026-02-17 19:40:48] [adjudicator] INTEGRITY_GUARD: fail-closed active for this cycle
[2026-02-17 19:40:48] [adjudicator] WRITE_GUARD: dispatch paused (integrity or breaker)
[2026-02-17 19:41:19] [adjudicator] WRITE_GUARD: dispatch paused (integrity or breaker)
[2026-02-17 19:41:50] [adjudicator] WRITE_GUARD: dispatch paused (integrity or breaker)
[2026-02-17 19:42:21] [adjudicator] WRITE_GUARD: dispatch paused (integrity or breaker)
[2026-02-17 19:42:52] [adjudicator] INTEGRITY_GUARD: fail-closed active for this cycle
[2026-02-17 19:42:52] [adjudicator] WRITE_GUARD: dispatch paused (integrity or breaker)
[2026-02-17 19:43:22] [adjudicator] WRITE_GUARD: dispatch paused (integrity or breaker)
[2026-02-17 19:43:53] [adjudicator] WRITE_GUARD: dispatch paused (integrity or breaker)
[2026-02-17 19:44:23] [adjudicator] WRITE_GUARD: dispatch paused (integrity or breaker)
[2026-02-17 19:44:53] [adjudicator] INTEGRITY_GUARD: fail-closed active for this cycle
[2026-02-17 19:44:53] [adjudicator] WRITE_GUARD: dispatch paused (integrity or breaker)
[2026-02-17 19:45:23] [adjudicator] WRITE_GUARD: dispatch paused (integrity or breaker)
[2026-02-17 19:45:53] [adjudicator] WRITE_GUARD: dispatch paused (integrity or breaker)
[2026-02-17 19:46:24] [adjudicator] WRITE_GUARD: dispatch paused (integrity or breaker)
[2026-02-17 19:46:54] [adjudicator] INTEGRITY_GUARD: fail-closed active for this cycle
[2026-02-17 19:46:54] [adjudicator] WRITE_GUARD: dispatch paused (integrity or breaker)
[2026-02-17 19:47:25] [adjudicator] WRITE_GUARD: dispatch paused (integrity or breaker)
[2026-02-17 19:47:55] [adjudicator] WRITE_GUARD: dispatch paused (integrity or breaker)
[2026-02-17 19:48:25] [adjudicator] WRITE_GUARD: dispatch paused (integrity or breaker)
[2026-02-17 19:48:55] [adjudicator] INTEGRITY_GUARD: fail-closed active for this cycle
[2026-02-17 19:48:55] [adjudicator] WRITE_GUARD: dispatch paused (integrity or breaker)
[2026-02-17 19:49:26] [adjudicator] WRITE_GUARD: dispatch paused (integrity or breaker)
[2026-02-17 19:49:56] [adjudicator] WRITE_GUARD: dispatch paused (integrity or breaker)
[2026-02-17 19:50:26] [adjudicator] WRITE_GUARD: dispatch paused (integrity or breaker)
[2026-02-17 19:50:57] [adjudicator] INTEGRITY_GUARD: fail-closed active for this cycle
[2026-02-17 19:50:57] [adjudicator] WRITE_GUARD: dispatch paused (integrity or breaker)
[2026-02-17 19:51:27] [adjudicator] WRITE_GUARD: dispatch paused (integrity or breaker)
[2026-02-17 19:51:57] [adjudicator] WRITE_GUARD: dispatch paused (integrity or breaker)
[2026-02-17 19:52:27] [adjudicator] WRITE_GUARD: dispatch paused (integrity or breaker)
[2026-02-17 19:52:57] [adjudicator] INTEGRITY_GUARD: fail-closed active for this cycle
[2026-02-17 19:52:57] [adjudicator] WRITE_GUARD: dispatch paused (integrity or breaker)
[2026-02-17 19:53:28] [adjudicator] WRITE_GUARD: dispatch paused (integrity or breaker)
[2026-02-17 19:53:58] [adjudicator] WRITE_GUARD: dispatch paused (integrity or breaker)
[2026-02-17 19:54:28] [adjudicator] WRITE_GUARD: dispatch paused (integrity or breaker)
[2026-02-17 19:54:59] [adjudicator] INTEGRITY_GUARD: fail-closed active for this cycle
[2026-02-17 19:54:59] [adjudicator] WRITE_GUARD: dispatch paused (integrity or breaker)
[2026-02-17 19:55:29] [adjudicator] WRITE_GUARD: dispatch paused (integrity or breaker)
[2026-02-17 19:55:59] [adjudicator] WRITE_GUARD: dispatch paused (integrity or breaker)
[2026-02-17 19:56:29] [adjudicator] WRITE_GUARD: dispatch paused (integrity or breaker)
[2026-02-17 19:57:00] [adjudicator] INTEGRITY_GUARD: fail-closed active for this cycle
[2026-02-17 19:57:00] [adjudicator] WRITE_GUARD: dispatch paused (integrity or breaker)
[2026-02-17 19:57:30] [adjudicator] WRITE_GUARD: dispatch paused (integrity or breaker)
